2015-07-21 05:39:30.056+0000 INFO  [o.n.s.CommunityNeoServer]: Setting startup timeout to: 120000ms based on 120000
2015-07-21 05:39:30.112+0000 INFO  [o.n.k.InternalAbstractGraphDatabase]: No locking implementation specified, defaulting to 'community'
2015-07-21 05:39:30.112+0000 INFO  [o.n.k.i.DiagnosticsManager]: --- INITIALIZED diagnostics START ---
2015-07-21 05:39:30.113+0000 INFO  [o.n.k.i.DiagnosticsManager]: Neo4j Kernel properties:
2015-07-21 05:39:30.113+0000 INFO  [o.n.k.i.DiagnosticsManager]: org.neo4j.server.db.tuning.properties=C:\Users\haicon2321993\AppData\Roaming\Neo4j Community\neo4j.properties
2015-07-21 05:39:30.113+0000 INFO  [o.n.k.i.DiagnosticsManager]: org.neo4j.server.database.location=F:\Capstone Project\Project\2015SUMJS01\WIP\Sources\Database\GraphDatabase
2015-07-21 05:39:30.113+0000 INFO  [o.n.k.i.DiagnosticsManager]: store_dir=F:\Capstone Project\Project\2015SUMJS01\WIP\Sources\Database\GraphDatabase
2015-07-21 05:39:30.113+0000 INFO  [o.n.k.i.DiagnosticsManager]: dbms.querylog.filename=data/log/queries.log
2015-07-21 05:39:30.113+0000 INFO  [o.n.k.i.DiagnosticsManager]: dbms.security.auth_store.location=F:\Capstone Project\Project\2015SUMJS01\WIP\Sources\Database\GraphDatabase\.\dbms\auth
2015-07-21 05:39:30.113+0000 INFO  [o.n.k.i.DiagnosticsManager]: remote_shell_enabled=true
2015-07-21 05:39:30.113+0000 INFO  [o.n.k.i.DiagnosticsManager]: Diagnostics providers:
2015-07-21 05:39:30.113+0000 INFO  [o.n.k.i.DiagnosticsManager]: org.neo4j.kernel.configuration.Config
2015-07-21 05:39:30.113+0000 INFO  [o.n.k.i.DiagnosticsManager]: org.neo4j.kernel.info.DiagnosticsManager
2015-07-21 05:39:30.113+0000 INFO  [o.n.k.i.DiagnosticsManager]: SYSTEM_MEMORY
2015-07-21 05:39:30.113+0000 INFO  [o.n.k.i.DiagnosticsManager]: JAVA_MEMORY
2015-07-21 05:39:30.113+0000 INFO  [o.n.k.i.DiagnosticsManager]: OPERATING_SYSTEM
2015-07-21 05:39:30.113+0000 INFO  [o.n.k.i.DiagnosticsManager]: JAVA_VIRTUAL_MACHINE
2015-07-21 05:39:30.113+0000 INFO  [o.n.k.i.DiagnosticsManager]: CLASSPATH
2015-07-21 05:39:30.113+0000 INFO  [o.n.k.i.DiagnosticsManager]: LIBRARY_PATH
2015-07-21 05:39:30.113+0000 INFO  [o.n.k.i.DiagnosticsManager]: SYSTEM_PROPERTIES
2015-07-21 05:39:30.113+0000 INFO  [o.n.k.i.DiagnosticsManager]: NETWORK
2015-07-21 05:39:30.114+0000 INFO  [o.n.k.i.DiagnosticsManager]: System memory information:
2015-07-21 05:39:30.114+0000 INFO  [o.n.k.i.DiagnosticsManager]: Total Physical memory: 5.92 GB
2015-07-21 05:39:30.114+0000 INFO  [o.n.k.i.DiagnosticsManager]: Free Physical memory: 1.31 GB
2015-07-21 05:39:30.114+0000 INFO  [o.n.k.i.DiagnosticsManager]: Committed virtual memory: 853.46 MB
2015-07-21 05:39:30.114+0000 INFO  [o.n.k.i.DiagnosticsManager]: Total swap space: 8.42 GB
2015-07-21 05:39:30.114+0000 INFO  [o.n.k.i.DiagnosticsManager]: Free swap space: 2.96 GB
2015-07-21 05:39:30.115+0000 INFO  [o.n.k.i.DiagnosticsManager]: JVM memory information:
2015-07-21 05:39:30.115+0000 INFO  [o.n.k.i.DiagnosticsManager]: Free  memory: 147.03 MB
2015-07-21 05:39:30.115+0000 INFO  [o.n.k.i.DiagnosticsManager]: Total memory: 329.50 MB
2015-07-21 05:39:30.115+0000 INFO  [o.n.k.i.DiagnosticsManager]: Max   memory: 1.32 GB
2015-07-21 05:39:30.115+0000 INFO  [o.n.k.i.DiagnosticsManager]: Garbage Collector: PS Scavenge: [PS Eden Space, PS Survivor Space]
2015-07-21 05:39:30.115+0000 INFO  [o.n.k.i.DiagnosticsManager]: Garbage Collector: PS MarkSweep: [PS Eden Space, PS Survivor Space, PS Old Gen, PS Perm Gen]
2015-07-21 05:39:30.115+0000 INFO  [o.n.k.i.DiagnosticsManager]: Memory Pool: Code Cache (Non-heap memory): committed=5.69 MB, used=5.55 MB, max=48.00 MB, threshold=0.00 B
2015-07-21 05:39:30.116+0000 INFO  [o.n.k.i.DiagnosticsManager]: Memory Pool: PS Eden Space (Heap memory): committed=176.00 MB, used=121.16 MB, max=503.00 MB, threshold=?
2015-07-21 05:39:30.116+0000 INFO  [o.n.k.i.DiagnosticsManager]: Memory Pool: PS Survivor Space (Heap memory): committed=512.00 kB, used=416.00 kB, max=512.00 kB, threshold=?
2015-07-21 05:39:30.116+0000 INFO  [o.n.k.i.DiagnosticsManager]: Memory Pool: PS Old Gen (Heap memory): committed=153.00 MB, used=60.90 MB, max=1010.50 MB, threshold=0.00 B
2015-07-21 05:39:30.116+0000 INFO  [o.n.k.i.DiagnosticsManager]: Memory Pool: PS Perm Gen (Non-heap memory): committed=82.00 MB, used=69.70 MB, max=82.00 MB, threshold=0.00 B
2015-07-21 05:39:30.116+0000 INFO  [o.n.k.i.DiagnosticsManager]: Operating system information:
2015-07-21 05:39:30.117+0000 INFO  [o.n.k.i.DiagnosticsManager]: Operating System: Windows 8; version: 6.2; arch: amd64; cpus: 4
2015-07-21 05:39:30.117+0000 INFO  [o.n.k.i.DiagnosticsManager]: Process id: 7908@haidtse02856
2015-07-21 05:39:30.117+0000 INFO  [o.n.k.i.DiagnosticsManager]: Byte order: LITTLE_ENDIAN
2015-07-21 05:39:30.117+0000 INFO  [o.n.k.i.DiagnosticsManager]: Local timezone: Asia/Bangkok
2015-07-21 05:39:30.117+0000 INFO  [o.n.k.i.DiagnosticsManager]: JVM information:
2015-07-21 05:39:30.117+0000 INFO  [o.n.k.i.DiagnosticsManager]: VM Name: Java HotSpot(TM) 64-Bit Server VM
2015-07-21 05:39:30.117+0000 INFO  [o.n.k.i.DiagnosticsManager]: VM Vendor: Oracle Corporation
2015-07-21 05:39:30.117+0000 INFO  [o.n.k.i.DiagnosticsManager]: VM Version: 24.76-b04
2015-07-21 05:39:30.117+0000 INFO  [o.n.k.i.DiagnosticsManager]: JIT compiler: HotSpot 64-Bit Tiered Compilers
2015-07-21 05:39:30.117+0000 INFO  [o.n.k.i.DiagnosticsManager]: VM Arguments: [-Dexe4j.semaphoreName=Local\c:_program_files_neo4j_community_bin_neo4j-community.exe, -Dexe4j.isInstall4j=true, -Dexe4j.moduleName=C:\Program Files\Neo4j Community\bin\neo4j-community.exe, -Dexe4j.tempDir=, -Dexe4j.unextractedPosition=0, -Djava.library.path=C:\Windows\system32;C:\Windows;C:\Windows\System32\Wbem;C:\Windows\System32\WindowsPowerShell\v1.0\;C:\Program Files (x86)\AMD\ATI.ACE\Core-Static;C:\Program Files\Microsoft\Web Platform Installer\;C:\Program Files (x86)\Microsoft ASP.NET\ASP.NET Web Pages\v1.0\;C:\Program Files\Microsoft SQL Server\110\Tools\Binn\;C:\Program Files\TortoiseGit\bin;C:\Program Files (x86)\Windows Kits\8.1\Windows Performance Toolkit\;C:\Program Files\Microsoft SQL Server\110\DTS\Binn\;C:\Program Files (x86)\Microsoft SQL Server\110\Tools\Binn\;C:\Program Files (x86)\Microsoft SQL Server\110\Tools\Binn\ManagementStudio\;C:\Program Files (x86)\Microsoft Visual Studio 10.0\Common7\IDE\PrivateAssemblies\;C:\Program Files (x86)\Microsoft SQL Server\110\DTS\Binn\;C:\Program Files (x86)\Skype\Phone\;C:\Program Files (x86)\Microsoft SDKs\TypeScript\1.0\;C:\Program Files\Microsoft SQL Server\120\Tools\Binn\;c:\program files\java\jre7\bin, -Dexe4j.consoleCodepage=cp0, -Dinstall4j.launcherId=24, -Dinstall4j.swt=false]
2015-07-21 05:39:30.117+0000 INFO  [o.n.k.i.DiagnosticsManager]: Java classpath:
2015-07-21 05:39:30.120+0000 INFO  [o.n.k.i.DiagnosticsManager]:  [bootstrap] C:\Program Files\Java\jre7\lib\resources.jar
2015-07-21 05:39:30.120+0000 INFO  [o.n.k.i.DiagnosticsManager]:  [classpath] C:\Program Files\Neo4j Community\.install4j\i4jruntime.jar
2015-07-21 05:39:30.120+0000 INFO  [o.n.k.i.DiagnosticsManager]:  [loader.1] file:/C:/Program%20Files/Java/jre7/lib/ext/localedata.jar
2015-07-21 05:39:30.120+0000 INFO  [o.n.k.i.DiagnosticsManager]:  [loader.1] file:/C:/Program%20Files/Java/jre7/lib/ext/zipfs.jar
2015-07-21 05:39:30.120+0000 INFO  [o.n.k.i.DiagnosticsManager]:  [loader.0] file:/C:/Program%20Files/Neo4j%20Community/bin/neo4j-desktop-2.2.3.jar
2015-07-21 05:39:30.120+0000 INFO  [o.n.k.i.DiagnosticsManager]:  [bootstrap] C:\Program Files\Java\jre7\classes
2015-07-21 05:39:30.120+0000 INFO  [o.n.k.i.DiagnosticsManager]:  [loader.1] file:/C:/Program%20Files/Java/jre7/lib/ext/sunjce_provider.jar
2015-07-21 05:39:30.120+0000 INFO  [o.n.k.i.DiagnosticsManager]:  [loader.1] file:/C:/Program%20Files/Java/jre7/lib/ext/jaccess.jar
2015-07-21 05:39:30.120+0000 INFO  [o.n.k.i.DiagnosticsManager]:  [bootstrap] C:\Program Files\Java\jre7\lib\jfr.jar
2015-07-21 05:39:30.120+0000 INFO  [o.n.k.i.DiagnosticsManager]:  [bootstrap] C:\Program Files\Java\jre7\lib\jsse.jar
2015-07-21 05:39:30.120+0000 INFO  [o.n.k.i.DiagnosticsManager]:  [loader.1] file:/C:/Program%20Files/Java/jre7/lib/ext/sunmscapi.jar
2015-07-21 05:39:30.120+0000 INFO  [o.n.k.i.DiagnosticsManager]:  [loader.0] file:/C:/Program%20Files/Neo4j%20Community/bin/
2015-07-21 05:39:30.120+0000 INFO  [o.n.k.i.DiagnosticsManager]:  [bootstrap] C:\Program Files\Java\jre7\lib\jce.jar
2015-07-21 05:39:30.120+0000 INFO  [o.n.k.i.DiagnosticsManager]:  [bootstrap] C:\Program Files\Java\jre7\lib\rt.jar
2015-07-21 05:39:30.120+0000 INFO  [o.n.k.i.DiagnosticsManager]:  [loader.1] file:/C:/Program%20Files/Java/jre7/lib/ext/access-bridge-64.jar
2015-07-21 05:39:30.121+0000 INFO  [o.n.k.i.DiagnosticsManager]:  [bootstrap] C:\Program Files\Java\jre7\lib\sunrsasign.jar
2015-07-21 05:39:30.121+0000 INFO  [o.n.k.i.DiagnosticsManager]:  [classpath] C:\Program Files\Neo4j Community\bin\neo4j-desktop-2.2.3.jar
2015-07-21 05:39:30.121+0000 INFO  [o.n.k.i.DiagnosticsManager]:  [loader.1] file:/C:/Program%20Files/Java/jre7/lib/ext/dnsns.jar
2015-07-21 05:39:30.121+0000 INFO  [o.n.k.i.DiagnosticsManager]:  [bootstrap] C:\Program Files\Java\jre7\lib\charsets.jar
2015-07-21 05:39:30.121+0000 INFO  [o.n.k.i.DiagnosticsManager]:  [loader.0] file:/C:/Program%20Files/Neo4j%20Community/.install4j/i4jruntime.jar
2015-07-21 05:39:30.121+0000 INFO  [o.n.k.i.DiagnosticsManager]:  [loader.1] file:/C:/Program%20Files/Java/jre7/lib/ext/sunec.jar
2015-07-21 05:39:30.121+0000 INFO  [o.n.k.i.DiagnosticsManager]: Library path:
2015-07-21 05:39:30.121+0000 INFO  [o.n.k.i.DiagnosticsManager]: C:\Windows\System32
2015-07-21 05:39:30.122+0000 INFO  [o.n.k.i.DiagnosticsManager]: C:\Windows
2015-07-21 05:39:30.122+0000 INFO  [o.n.k.i.DiagnosticsManager]: C:\Windows\System32\wbem
2015-07-21 05:39:30.122+0000 INFO  [o.n.k.i.DiagnosticsManager]: C:\Windows\System32\WindowsPowerShell\v1.0
2015-07-21 05:39:30.122+0000 INFO  [o.n.k.i.DiagnosticsManager]: C:\Program Files (x86)\AMD\ATI.ACE\Core-Static
2015-07-21 05:39:30.123+0000 INFO  [o.n.k.i.DiagnosticsManager]: C:\Program Files\Microsoft\Web Platform Installer
2015-07-21 05:39:30.123+0000 INFO  [o.n.k.i.DiagnosticsManager]: C:\Program Files (x86)\Microsoft ASP.NET\ASP.NET Web Pages\v1.0
2015-07-21 05:39:30.123+0000 INFO  [o.n.k.i.DiagnosticsManager]: C:\Program Files\Microsoft SQL Server\110\Tools\Binn
2015-07-21 05:39:30.123+0000 INFO  [o.n.k.i.DiagnosticsManager]: C:\Program Files\TortoiseGit\bin
2015-07-21 05:39:30.124+0000 INFO  [o.n.k.i.DiagnosticsManager]: C:\Program Files (x86)\Windows Kits\8.1\Windows Performance Toolkit
2015-07-21 05:39:30.124+0000 INFO  [o.n.k.i.DiagnosticsManager]: C:\Program Files\Microsoft SQL Server\110\DTS\Binn
2015-07-21 05:39:30.124+0000 INFO  [o.n.k.i.DiagnosticsManager]: C:\Program Files (x86)\Microsoft SQL Server\110\Tools\Binn
2015-07-21 05:39:30.125+0000 INFO  [o.n.k.i.DiagnosticsManager]: C:\Program Files (x86)\Microsoft SQL Server\110\Tools\Binn\ManagementStudio
2015-07-21 05:39:30.125+0000 INFO  [o.n.k.i.DiagnosticsManager]: C:\Program Files (x86)\Microsoft Visual Studio 10.0\Common7\IDE\PrivateAssemblies
2015-07-21 05:39:30.125+0000 INFO  [o.n.k.i.DiagnosticsManager]: C:\Program Files (x86)\Microsoft SQL Server\110\DTS\Binn
2015-07-21 05:39:30.125+0000 INFO  [o.n.k.i.DiagnosticsManager]: C:\Program Files (x86)\Skype\Phone
2015-07-21 05:39:30.126+0000 INFO  [o.n.k.i.DiagnosticsManager]: C:\Program Files (x86)\Microsoft SDKs\TypeScript\1.0
2015-07-21 05:39:30.126+0000 INFO  [o.n.k.i.DiagnosticsManager]: C:\Program Files\Microsoft SQL Server\120\Tools\Binn
2015-07-21 05:39:30.127+0000 INFO  [o.n.k.i.DiagnosticsManager]: C:\Program Files\Java\jre7\bin
2015-07-21 05:39:30.127+0000 INFO  [o.n.k.i.DiagnosticsManager]: System.properties:
2015-07-21 05:39:30.127+0000 INFO  [o.n.k.i.DiagnosticsManager]: exe4j.moduleName = C:\Program Files\Neo4j Community\bin\neo4j-community.exe
2015-07-21 05:39:30.127+0000 INFO  [o.n.k.i.DiagnosticsManager]: exe4j.semaphoreName = Local\c:_program_files_neo4j_community_bin_neo4j-community.exe
2015-07-21 05:39:30.127+0000 INFO  [o.n.k.i.DiagnosticsManager]: sun.boot.library.path = c:\program files\java\jre7\bin
2015-07-21 05:39:30.127+0000 INFO  [o.n.k.i.DiagnosticsManager]: exe4j.consoleCodepage = cp0
2015-07-21 05:39:30.127+0000 INFO  [o.n.k.i.DiagnosticsManager]: path.separator = ;
2015-07-21 05:39:30.127+0000 INFO  [o.n.k.i.DiagnosticsManager]: file.encoding.pkg = sun.io
2015-07-21 05:39:30.127+0000 INFO  [o.n.k.i.DiagnosticsManager]: user.country = US
2015-07-21 05:39:30.127+0000 INFO  [o.n.k.i.DiagnosticsManager]: user.script = 
2015-07-21 05:39:30.127+0000 INFO  [o.n.k.i.DiagnosticsManager]: sun.os.patch.level = 
2015-07-21 05:39:30.127+0000 INFO  [o.n.k.i.DiagnosticsManager]: install4j.exeDir = C:\Program Files\Neo4j Community\bin\
2015-07-21 05:39:30.127+0000 INFO  [o.n.k.i.DiagnosticsManager]: user.dir = C:\Program Files\Neo4j Community\bin
2015-07-21 05:39:30.128+0000 INFO  [o.n.k.i.DiagnosticsManager]: neo4j.ext.udc.source = desktop
2015-07-21 05:39:30.128+0000 INFO  [o.n.k.i.DiagnosticsManager]: user.variant = 
2015-07-21 05:39:30.128+0000 INFO  [o.n.k.i.DiagnosticsManager]: exe4j.tempDir = 
2015-07-21 05:39:30.128+0000 INFO  [o.n.k.i.DiagnosticsManager]: sun.jnu.encoding = Cp1252
2015-07-21 05:39:30.128+0000 INFO  [o.n.k.i.DiagnosticsManager]: sun.awt.enableExtraMouseButtons = true
2015-07-21 05:39:30.128+0000 INFO  [o.n.k.i.DiagnosticsManager]: install4j.launcherId = 24
2015-07-21 05:39:30.128+0000 INFO  [o.n.k.i.DiagnosticsManager]: sun.management.compiler = HotSpot 64-Bit Tiered Compilers
2015-07-21 05:39:30.128+0000 INFO  [o.n.k.i.DiagnosticsManager]: exe4j.isInstall4j = true
2015-07-21 05:39:30.128+0000 INFO  [o.n.k.i.DiagnosticsManager]: install4j.swt = false
2015-07-21 05:39:30.128+0000 INFO  [o.n.k.i.DiagnosticsManager]: user.home = C:\Users\haicon2321993
2015-07-21 05:39:30.128+0000 INFO  [o.n.k.i.DiagnosticsManager]: user.timezone = Asia/Bangkok
2015-07-21 05:39:30.128+0000 INFO  [o.n.k.i.DiagnosticsManager]: file.encoding = Cp1252
2015-07-21 05:39:30.128+0000 INFO  [o.n.k.i.DiagnosticsManager]: user.name = haicon2321993
2015-07-21 05:39:30.128+0000 INFO  [o.n.k.i.DiagnosticsManager]: sun.java.command = C:\Program Files\Neo4j Community\bin\neo4j-community.exe
2015-07-21 05:39:30.128+0000 INFO  [o.n.k.i.DiagnosticsManager]: sun.arch.data.model = 64
2015-07-21 05:39:30.128+0000 INFO  [o.n.k.i.DiagnosticsManager]: exe4j.launchName = C:\Program Files\Neo4j Community\bin\neo4j-community.exe
2015-07-21 05:39:30.128+0000 INFO  [o.n.k.i.DiagnosticsManager]: user.language = en
2015-07-21 05:39:30.128+0000 INFO  [o.n.k.i.DiagnosticsManager]: awt.toolkit = sun.awt.windows.WToolkit
2015-07-21 05:39:30.128+0000 INFO  [o.n.k.i.DiagnosticsManager]: exe4j.unextractedPosition = 0
2015-07-21 05:39:30.128+0000 INFO  [o.n.k.i.DiagnosticsManager]: install4j.appDir = C:\Program Files\Neo4j Community\
2015-07-21 05:39:30.128+0000 INFO  [o.n.k.i.DiagnosticsManager]: file.separator = \
2015-07-21 05:39:30.128+0000 INFO  [o.n.k.i.DiagnosticsManager]: sun.io.unicode.encoding = UnicodeLittle
2015-07-21 05:39:30.128+0000 INFO  [o.n.k.i.DiagnosticsManager]: sun.cpu.endian = little
2015-07-21 05:39:30.128+0000 INFO  [o.n.k.i.DiagnosticsManager]: sun.desktop = windows
2015-07-21 05:39:30.129+0000 INFO  [o.n.k.i.DiagnosticsManager]: sun.cpu.isalist = amd64
2015-07-21 05:39:30.129+0000 INFO  [o.n.k.i.DiagnosticsManager]: Network information:
2015-07-21 05:39:30.471+0000 INFO  [o.n.k.i.DiagnosticsManager]: Interface Software Loopback Interface 1:
2015-07-21 05:39:30.471+0000 INFO  [o.n.k.i.DiagnosticsManager]:     address: 127.0.0.1
2015-07-21 05:39:30.471+0000 INFO  [o.n.k.i.DiagnosticsManager]:     address: 0:0:0:0:0:0:0:1
2015-07-21 05:39:30.471+0000 INFO  [o.n.k.i.DiagnosticsManager]: Interface WAN Miniport (L2TP):
2015-07-21 05:39:30.471+0000 INFO  [o.n.k.i.DiagnosticsManager]: Interface WAN Miniport (SSTP):
2015-07-21 05:39:30.471+0000 INFO  [o.n.k.i.DiagnosticsManager]: Interface WAN Miniport (IKEv2):
2015-07-21 05:39:30.471+0000 INFO  [o.n.k.i.DiagnosticsManager]: Interface WAN Miniport (PPTP):
2015-07-21 05:39:30.471+0000 INFO  [o.n.k.i.DiagnosticsManager]: Interface WAN Miniport (PPPOE):
2015-07-21 05:39:30.471+0000 INFO  [o.n.k.i.DiagnosticsManager]: Interface WAN Miniport (IP):
2015-07-21 05:39:30.472+0000 INFO  [o.n.k.i.DiagnosticsManager]: Interface WAN Miniport (IPv6):
2015-07-21 05:39:30.472+0000 INFO  [o.n.k.i.DiagnosticsManager]: Interface WAN Miniport (Network Monitor):
2015-07-21 05:39:30.472+0000 INFO  [o.n.k.i.DiagnosticsManager]: Interface Microsoft Kernel Debug Network Adapter:
2015-07-21 05:39:30.472+0000 INFO  [o.n.k.i.DiagnosticsManager]: Interface RAS Async Adapter:
2015-07-21 05:39:30.472+0000 INFO  [o.n.k.i.DiagnosticsManager]: Interface Intel(R) Centrino(R) Wireless-N 1030:
2015-07-21 05:39:30.472+0000 INFO  [o.n.k.i.DiagnosticsManager]: Interface Realtek PCIe GBE Family Controller:
2015-07-21 05:39:30.472+0000 INFO  [o.n.k.i.DiagnosticsManager]: Interface Bluetooth Device (RFCOMM Protocol TDI):
2015-07-21 05:39:30.472+0000 INFO  [o.n.k.i.DiagnosticsManager]: Interface Bluetooth Device (Personal Area Network):
2015-07-21 05:39:30.472+0000 INFO  [o.n.k.i.DiagnosticsManager]:     address: fe80:0:0:0:d9d8:9531:d4a8:7b09%15
2015-07-21 05:39:30.472+0000 INFO  [o.n.k.i.DiagnosticsManager]: Interface Microsoft ISATAP Adapter:
2015-07-21 05:39:30.472+0000 INFO  [o.n.k.i.DiagnosticsManager]: Interface Teredo Tunneling Pseudo-Interface:
2015-07-21 05:39:30.472+0000 INFO  [o.n.k.i.DiagnosticsManager]:     address: fe80:0:0:0:0:ffff:ffff:fffe%17
2015-07-21 05:39:30.472+0000 INFO  [o.n.k.i.DiagnosticsManager]: Interface Microsoft ISATAP Adapter #2:
2015-07-21 05:39:30.472+0000 INFO  [o.n.k.i.DiagnosticsManager]: Interface Microsoft ISATAP Adapter #3:
2015-07-21 05:39:30.472+0000 INFO  [o.n.k.i.DiagnosticsManager]: Interface Microsoft Hosted Network Virtual Adapter:
2015-07-21 05:39:30.472+0000 INFO  [o.n.k.i.DiagnosticsManager]: Interface Microsoft ISATAP Adapter #4:
2015-07-21 05:39:30.472+0000 INFO  [o.n.k.i.DiagnosticsManager]:     address: fe80:0:0:0:0:5efe:a14:589%21
2015-07-21 05:39:30.472+0000 INFO  [o.n.k.i.DiagnosticsManager]: Interface Microsoft ISATAP Adapter #5:
2015-07-21 05:39:30.472+0000 INFO  [o.n.k.i.DiagnosticsManager]: Interface Intel(R) 82566DM-2 Gigabit Network Connection:
2015-07-21 05:39:30.473+0000 INFO  [o.n.k.i.DiagnosticsManager]: Interface Microsoft Hyper-V Network Switch Default Miniport:
2015-07-21 05:39:30.473+0000 INFO  [o.n.k.i.DiagnosticsManager]: Interface Hyper-V Virtual Switch Extension Adapter:
2015-07-21 05:39:30.473+0000 INFO  [o.n.k.i.DiagnosticsManager]: Interface Hyper-V Virtual Ethernet Adapter #2:
2015-07-21 05:39:30.473+0000 INFO  [o.n.k.i.DiagnosticsManager]:     address: fe80:0:0:0:5c8e:12c6:983b:3602%26
2015-07-21 05:39:30.473+0000 INFO  [o.n.k.i.DiagnosticsManager]: Interface Hyper-V Virtual Switch Extension Adapter #2:
2015-07-21 05:39:30.473+0000 INFO  [o.n.k.i.DiagnosticsManager]: Interface Microsoft Network Adapter Multiplexor Default Miniport:
2015-07-21 05:39:30.473+0000 INFO  [o.n.k.i.DiagnosticsManager]: Interface Microsoft Network Adapter Multiplexor Driver:
2015-07-21 05:39:30.473+0000 INFO  [o.n.k.i.DiagnosticsManager]: Interface Hyper-V Virtual Ethernet Adapter #3:
2015-07-21 05:39:30.473+0000 INFO  [o.n.k.i.DiagnosticsManager]:     address: 10.20.5.137
2015-07-21 05:39:30.473+0000 INFO  [o.n.k.i.DiagnosticsManager]:     address: fe80:0:0:0:2c12:f350:5a2d:8699%30
2015-07-21 05:39:30.473+0000 INFO  [o.n.k.i.DiagnosticsManager]: Interface WAN Miniport (IP)-QoS Packet Scheduler-0000:
2015-07-21 05:39:30.473+0000 INFO  [o.n.k.i.DiagnosticsManager]: Interface Hyper-V Virtual Switch Extension Adapter #2-WFP vSwitch Layers LightWeight Filter-0000:
2015-07-21 05:39:30.473+0000 INFO  [o.n.k.i.DiagnosticsManager]: Interface Hyper-V Virtual Switch Extension Adapter-WFP vSwitch Layers LightWeight Filter-0000:
2015-07-21 05:39:30.473+0000 INFO  [o.n.k.i.DiagnosticsManager]: Interface Hyper-V Virtual Ethernet Adapter #2-QoS Packet Scheduler-0000:
2015-07-21 05:39:30.473+0000 INFO  [o.n.k.i.DiagnosticsManager]: Interface Hyper-V Virtual Ethernet Adapter #2-WFP 802.3 MAC Layer LightWeight Filter-0000:
2015-07-21 05:39:30.473+0000 INFO  [o.n.k.i.DiagnosticsManager]: Interface Hyper-V Virtual Ethernet Adapter #2-WFP Native MAC Layer LightWeight Filter-0000:
2015-07-21 05:39:30.473+0000 INFO  [o.n.k.i.DiagnosticsManager]: Interface WAN Miniport (IPv6)-QoS Packet Scheduler-0000:
2015-07-21 05:39:30.474+0000 INFO  [o.n.k.i.DiagnosticsManager]: Interface Realtek PCIe GBE Family Controller-WFP Native MAC Layer LightWeight Filter-0000:
2015-07-21 05:39:30.474+0000 INFO  [o.n.k.i.DiagnosticsManager]: Interface Intel(R) Centrino(R) Wireless-N 1030-Virtual WiFi Filter Driver-0000:
2015-07-21 05:39:30.474+0000 INFO  [o.n.k.i.DiagnosticsManager]: Interface Intel(R) Centrino(R) Wireless-N 1030-WFP Native MAC Layer LightWeight Filter-0000:
2015-07-21 05:39:30.474+0000 INFO  [o.n.k.i.DiagnosticsManager]: Interface WAN Miniport (Network Monitor)-QoS Packet Scheduler-0000:
2015-07-21 05:39:30.474+0000 INFO  [o.n.k.i.DiagnosticsManager]: Interface Hyper-V Virtual Ethernet Adapter #3-QoS Packet Scheduler-0000:
2015-07-21 05:39:30.474+0000 INFO  [o.n.k.i.DiagnosticsManager]: Interface Hyper-V Virtual Ethernet Adapter #3-WFP 802.3 MAC Layer LightWeight Filter-0000:
2015-07-21 05:39:30.474+0000 INFO  [o.n.k.i.DiagnosticsManager]: Interface Hyper-V Virtual Ethernet Adapter #3-WFP Native MAC Layer LightWeight Filter-0000:
2015-07-21 05:39:30.474+0000 INFO  [o.n.k.i.DiagnosticsManager]: Interface Intel(R) Centrino(R) Wireless-N 1030-Native WiFi Filter Driver-0000:
2015-07-21 05:39:30.474+0000 INFO  [o.n.k.i.DiagnosticsManager]: Interface Microsoft Network Adapter Multiplexor Driver-Microsoft Network Bridge-0000:
2015-07-21 05:39:30.474+0000 INFO  [o.n.k.i.DiagnosticsManager]: Interface Microsoft Network Adapter Multiplexor Driver-WFP Native MAC Layer LightWeight Filter-0000:
2015-07-21 05:39:30.474+0000 INFO  [o.n.k.i.DiagnosticsManager]: --- INITIALIZED diagnostics END ---
2015-07-21 05:39:30.480+0000 INFO  [o.n.k.i.s.StoreFactory]: Creating new db @ F:\Capstone Project\Project\2015SUMJS01\WIP\Sources\Database\GraphDatabase\neostore
2015-07-21 05:39:38.603+0000 INFO  [o.n.k.a.i.i.LuceneLabelScanStore]: No lucene scan store index found, this might just be first use. Preparing to rebuild.
2015-07-21 05:39:38.604+0000 INFO  [o.n.k.a.i.i.LuceneLabelScanStore]: No lucene scan store index found, this might just be first use. Preparing to rebuild.
2015-07-21 05:39:38.606+0000 INFO  [o.n.k.NeoStoreDataSource]: Opened logical log [F:\Capstone Project\Project\2015SUMJS01\WIP\Sources\Database\GraphDatabase\neostore.transaction.db.0] version=0, lastTxId=1 (clean)
2015-07-21 05:39:38.608+0000 WARN  [o.n.k.i.s.StoreFactory]: Missing counts store, rebuilding it.
2015-07-21 05:39:38.672+0000 INFO  [o.n.k.a.i.i.LuceneLabelScanStore]: Rebuilding lucene scan store, this may take a while
2015-07-21 05:39:38.672+0000 INFO  [o.n.k.a.i.i.LuceneLabelScanStore]: Lucene scan store rebuilt (roughly -1 nodes)
2015-07-21 05:39:38.672+0000 INFO  [o.n.k.KernelHealth]: Kernel health set to OK
2015-07-21 05:39:38.691+0000 INFO  [o.n.k.i.DiagnosticsManager]: --- STARTED diagnostics for KernelDiagnostics:Versions START ---
2015-07-21 05:39:38.691+0000 INFO  [o.n.k.i.DiagnosticsManager]: Graph Database: org.neo4j.kernel.EmbeddedGraphDatabase StoreId{creationTime=1437457170480, randomId=-6999200098197757142, storeVersion=14969031248344582, upgradeTime=1437457170480, upgradeId=1}
2015-07-21 05:39:38.691+0000 INFO  [o.n.k.i.DiagnosticsManager]: Kernel version: Neo4j Desktop (neo4j-desktop), version: 2.2.3
2015-07-21 05:39:38.691+0000 INFO  [o.n.k.i.DiagnosticsManager]: Neo4j component versions:
2015-07-21 05:39:38.694+0000 INFO  [o.n.k.i.DiagnosticsManager]:   Neo4j Desktop (neo4j-lucene-index), version: 2.2.3; revision: 2.2.3:2.2:48/2b261bd9bb532f283b2caed9b2d9eb4992e677b4-dirty
2015-07-21 05:39:38.694+0000 INFO  [o.n.k.i.DiagnosticsManager]:   Neo4j Desktop (neo4j-cypher-compiler-2.1), version: 2.2.3; revision: 2.1.8:2.1-maint:687/5c83ce3a5ddf33259593f719153ce71a6fe89fc7
2015-07-21 05:39:38.694+0000 INFO  [o.n.k.i.DiagnosticsManager]:   Neo4j Desktop (neo4j-import-tool), version: 2.2.3; revision: 2.2.3:2.2:48/2b261bd9bb532f283b2caed9b2d9eb4992e677b4-dirty
2015-07-21 05:39:38.694+0000 INFO  [o.n.k.i.DiagnosticsManager]:   Neo4j Desktop (neo4j-cypher-compiler-2.2), version: 2.2.3; revision: 2.2.3:2.2:48/2b261bd9bb532f283b2caed9b2d9eb4992e677b4-dirty
2015-07-21 05:39:38.694+0000 INFO  [o.n.k.i.DiagnosticsManager]:   Neo4j Desktop (neo4j-graph-algo), version: 2.2.3; revision: 2.2.3:2.2:48/2b261bd9bb532f283b2caed9b2d9eb4992e677b4-dirty
2015-07-21 05:39:38.694+0000 INFO  [o.n.k.i.DiagnosticsManager]:   Neo4j Desktop (neo4j-consistency-check), version: 2.2.3; revision: 2.2.3:2.2:48/2b261bd9bb532f283b2caed9b2d9eb4992e677b4-dirty
2015-07-21 05:39:38.694+0000 INFO  [o.n.k.i.DiagnosticsManager]:   Neo4j Desktop (neo4j-cypher-compiler-2.0), version: 2.2.3; revision: 2.0.4:2.0-maint:130/4a7d10bc274a5d26a180bbe9df25100e8a694748
2015-07-21 05:39:38.694+0000 INFO  [o.n.k.i.DiagnosticsManager]:   Neo4j Desktop (neo4j-cypher-compiler-1.9), version: 2.2.3; revision: 2.0.4:2.0-maint:130/4a7d10bc274a5d26a180bbe9df25100e8a694748
2015-07-21 05:39:38.694+0000 INFO  [o.n.k.i.DiagnosticsManager]:   Neo4j Desktop (neo4j-udc), version: 2.2.3; revision: 2.2.3:2.2:48/2b261bd9bb532f283b2caed9b2d9eb4992e677b4-dirty
2015-07-21 05:39:38.694+0000 INFO  [o.n.k.i.DiagnosticsManager]:   Neo4j Desktop (neo4j-jmx), version: 2.2.3; revision: 2.2.3:2.2:48/2b261bd9bb532f283b2caed9b2d9eb4992e677b4-dirty
2015-07-21 05:39:38.694+0000 INFO  [o.n.k.i.DiagnosticsManager]:   Neo4j Desktop (neo4j-graph-matching), version: 2.2.3; revision: 2.2.3:2.2:48/2b261bd9bb532f283b2caed9b2d9eb4992e677b4-dirty
2015-07-21 05:39:38.694+0000 INFO  [o.n.k.i.DiagnosticsManager]:   Neo4j Desktop (server-api), version: 2.2.3; revision: 2.2.3:2.2:48/2b261bd9bb532f283b2caed9b2d9eb4992e677b4-dirty
2015-07-21 05:39:38.695+0000 INFO  [o.n.k.i.DiagnosticsManager]:   Neo4j Desktop (neo4j-desktop), version: 2.2.3; revision: 2.2.3:2.2:48/2b261bd9bb532f283b2caed9b2d9eb4992e677b4-dirty
2015-07-21 05:39:38.695+0000 INFO  [o.n.k.i.DiagnosticsManager]:   Neo4j Desktop (neo4j-cypher), version: 2.2.3; revision: 2.2.3:2.2:48/2b261bd9bb532f283b2caed9b2d9eb4992e677b4-dirty
2015-07-21 05:39:38.695+0000 INFO  [o.n.k.i.DiagnosticsManager]:   Neo4j Desktop (neo4j-server), version: 2.2.3; revision: 2.2.3:2.2:48/2b261bd9bb532f283b2caed9b2d9eb4992e677b4-dirty
2015-07-21 05:39:38.695+0000 INFO  [o.n.k.i.DiagnosticsManager]:   Neo4j Desktop (neo4j-shell), version: 2.2.3; revision: 2.2.3:2.2:48/2b261bd9bb532f283b2caed9b2d9eb4992e677b4-dirty
2015-07-21 05:39:38.695+0000 INFO  [o.n.k.i.DiagnosticsManager]: --- STARTED diagnostics for KernelDiagnostics:Versions END ---
2015-07-21 05:39:38.695+0000 INFO  [o.n.k.i.DiagnosticsManager]: --- STARTED diagnostics for NEO_STORE_VERSIONS START ---
2015-07-21 05:39:38.695+0000 INFO  [o.n.k.i.DiagnosticsManager]: Store versions:
2015-07-21 05:39:38.695+0000 INFO  [o.n.k.i.DiagnosticsManager]: Store versions:
2015-07-21 05:39:38.695+0000 INFO  [o.n.k.i.DiagnosticsManager]:   NeoStore v0.A.5
2015-07-21 05:39:38.695+0000 INFO  [o.n.k.i.DiagnosticsManager]:   SchemaStore v0.A.5
2015-07-21 05:39:38.695+0000 INFO  [o.n.k.i.DiagnosticsManager]:   NodeStore v0.A.5
2015-07-21 05:39:38.695+0000 INFO  [o.n.k.i.DiagnosticsManager]:   RelationshipStore v0.A.5
2015-07-21 05:39:38.695+0000 INFO  [o.n.k.i.DiagnosticsManager]:   RelationshipTypeStore v0.A.5
2015-07-21 05:39:38.695+0000 INFO  [o.n.k.i.DiagnosticsManager]:   LabelTokenStore v0.A.5
2015-07-21 05:39:38.695+0000 INFO  [o.n.k.i.DiagnosticsManager]:   PropertyStore v0.A.5
2015-07-21 05:39:38.695+0000 INFO  [o.n.k.i.DiagnosticsManager]:   PropertyIndexStore v0.A.5
2015-07-21 05:39:38.695+0000 INFO  [o.n.k.i.DiagnosticsManager]:   StringPropertyStore v0.A.5
2015-07-21 05:39:38.696+0000 INFO  [o.n.k.i.DiagnosticsManager]:   ArrayPropertyStore v0.A.5
2015-07-21 05:39:38.696+0000 INFO  [o.n.k.i.DiagnosticsManager]:   RelationshipGroupStore v0.A.5
2015-07-21 05:39:38.696+0000 INFO  [o.n.k.i.DiagnosticsManager]: --- STARTED diagnostics for NEO_STORE_VERSIONS END ---
2015-07-21 05:39:38.696+0000 INFO  [o.n.k.i.DiagnosticsManager]: --- STARTED diagnostics for NEO_STORE_ID_USAGE START ---
2015-07-21 05:39:38.696+0000 INFO  [o.n.k.i.DiagnosticsManager]: Id usage:
2015-07-21 05:39:38.696+0000 INFO  [o.n.k.i.DiagnosticsManager]: Id usage:
2015-07-21 05:39:38.696+0000 INFO  [o.n.k.i.DiagnosticsManager]:   SchemaStore: used=1 high=0
2015-07-21 05:39:38.696+0000 INFO  [o.n.k.i.DiagnosticsManager]:   NodeStore: used=0 high=-1
2015-07-21 05:39:38.696+0000 INFO  [o.n.k.i.DiagnosticsManager]:   RelationshipStore: used=0 high=-1
2015-07-21 05:39:38.696+0000 INFO  [o.n.k.i.DiagnosticsManager]:   RelationshipTypeStore: used=0 high=-1
2015-07-21 05:39:38.696+0000 INFO  [o.n.k.i.DiagnosticsManager]:   LabelTokenStore: used=0 high=-1
2015-07-21 05:39:38.697+0000 INFO  [o.n.k.i.DiagnosticsManager]:   PropertyStore: used=0 high=-1
2015-07-21 05:39:38.697+0000 INFO  [o.n.k.i.DiagnosticsManager]:   PropertyIndexStore: used=0 high=-1
2015-07-21 05:39:38.697+0000 INFO  [o.n.k.i.DiagnosticsManager]:   StringPropertyStore: used=1 high=0
2015-07-21 05:39:38.697+0000 INFO  [o.n.k.i.DiagnosticsManager]:   ArrayPropertyStore: used=1 high=0
2015-07-21 05:39:38.697+0000 INFO  [o.n.k.i.DiagnosticsManager]:   RelationshipGroupStore: used=1 high=0
2015-07-21 05:39:38.697+0000 INFO  [o.n.k.i.DiagnosticsManager]: --- STARTED diagnostics for NEO_STORE_ID_USAGE END ---
2015-07-21 05:39:38.697+0000 INFO  [o.n.k.i.DiagnosticsManager]: --- STARTED diagnostics for KernelDiagnostics:StoreFiles START ---
2015-07-21 05:39:38.700+0000 INFO  [o.n.k.i.DiagnosticsManager]: Disk space on partition (Total / Free / Free %): 38066561024 / 6524944384 / 17
Storage files: (filename : modification date - size)
2015-07-21 05:39:38.702+0000 INFO  [o.n.k.i.DiagnosticsManager]:   index:
2015-07-21 05:39:38.702+0000 INFO  [o.n.k.i.DiagnosticsManager]:   - Total: 2015-07-21T12:39:30+0700 - 0.00 B
2015-07-21 05:39:38.703+0000 INFO  [o.n.k.i.DiagnosticsManager]:   lock: 2015-07-21T12:39:30+0700 - 0.00 B
2015-07-21 05:39:38.708+0000 INFO  [o.n.k.i.DiagnosticsManager]:   messages.log: 2015-07-21T12:39:30+0700 - 29.96 kB
2015-07-21 05:39:38.708+0000 INFO  [o.n.k.i.DiagnosticsManager]:   neo4j.properties: 2015-07-21T12:39:29+0700 - 1.76 kB
2015-07-21 05:39:38.709+0000 INFO  [o.n.k.i.DiagnosticsManager]:   neostore: 2015-07-21T12:39:38+0700 - 99.00 B
2015-07-21 05:39:38.709+0000 INFO  [o.n.k.i.DiagnosticsManager]:   neostore.counts.db.a: 2015-07-21T12:39:38+0700 - 114.00 B
2015-07-21 05:39:38.710+0000 INFO  [o.n.k.i.DiagnosticsManager]:   neostore.id: 2015-07-21T12:39:38+0700 - 9.00 B
2015-07-21 05:39:38.710+0000 INFO  [o.n.k.i.DiagnosticsManager]:   neostore.labeltokenstore.db: 2015-07-21T12:39:38+0700 - 0.00 B
2015-07-21 05:39:38.711+0000 INFO  [o.n.k.i.DiagnosticsManager]:   neostore.labeltokenstore.db.id: 2015-07-21T12:39:36+0700 - 9.00 B
2015-07-21 05:39:38.711+0000 INFO  [o.n.k.i.DiagnosticsManager]:   neostore.labeltokenstore.db.names: 2015-07-21T12:39:38+0700 - 38.00 B
2015-07-21 05:39:38.711+0000 INFO  [o.n.k.i.DiagnosticsManager]:   neostore.labeltokenstore.db.names.id: 2015-07-21T12:39:35+0700 - 9.00 B
2015-07-21 05:39:38.712+0000 INFO  [o.n.k.i.DiagnosticsManager]:   neostore.nodestore.db: 2015-07-21T12:39:38+0700 - 0.00 B
2015-07-21 05:39:38.712+0000 INFO  [o.n.k.i.DiagnosticsManager]:   neostore.nodestore.db.id: 2015-07-21T12:39:37+0700 - 9.00 B
2015-07-21 05:39:38.712+0000 INFO  [o.n.k.i.DiagnosticsManager]:   neostore.nodestore.db.labels: 2015-07-21T12:39:38+0700 - 68.00 B
2015-07-21 05:39:38.714+0000 INFO  [o.n.k.i.DiagnosticsManager]:   neostore.nodestore.db.labels.id: 2015-07-21T12:39:37+0700 - 9.00 B
2015-07-21 05:39:38.714+0000 INFO  [o.n.k.i.DiagnosticsManager]:   neostore.propertystore.db: 2015-07-21T12:39:38+0700 - 0.00 B
2015-07-21 05:39:38.714+0000 INFO  [o.n.k.i.DiagnosticsManager]:   neostore.propertystore.db.arrays: 2015-07-21T12:39:38+0700 - 128.00 B
2015-07-21 05:39:38.715+0000 INFO  [o.n.k.i.DiagnosticsManager]:   neostore.propertystore.db.arrays.id: 2015-07-21T12:39:37+0700 - 9.00 B
2015-07-21 05:39:38.716+0000 INFO  [o.n.k.i.DiagnosticsManager]:   neostore.propertystore.db.id: 2015-07-21T12:39:37+0700 - 9.00 B
2015-07-21 05:39:38.716+0000 INFO  [o.n.k.i.DiagnosticsManager]:   neostore.propertystore.db.index: 2015-07-21T12:39:38+0700 - 0.00 B
2015-07-21 05:39:38.716+0000 INFO  [o.n.k.i.DiagnosticsManager]:   neostore.propertystore.db.index.id: 2015-07-21T12:39:36+0700 - 9.00 B
2015-07-21 05:39:38.717+0000 INFO  [o.n.k.i.DiagnosticsManager]:   neostore.propertystore.db.index.keys: 2015-07-21T12:39:38+0700 - 38.00 B
2015-07-21 05:39:38.717+0000 INFO  [o.n.k.i.DiagnosticsManager]:   neostore.propertystore.db.index.keys.id: 2015-07-21T12:39:36+0700 - 9.00 B
2015-07-21 05:39:38.717+0000 INFO  [o.n.k.i.DiagnosticsManager]:   neostore.propertystore.db.strings: 2015-07-21T12:39:38+0700 - 128.00 B
2015-07-21 05:39:38.717+0000 INFO  [o.n.k.i.DiagnosticsManager]:   neostore.propertystore.db.strings.id: 2015-07-21T12:39:36+0700 - 9.00 B
2015-07-21 05:39:38.718+0000 INFO  [o.n.k.i.DiagnosticsManager]:   neostore.relationshipgroupstore.db: 2015-07-21T12:39:38+0700 - 25.00 B
2015-07-21 05:39:38.718+0000 INFO  [o.n.k.i.DiagnosticsManager]:   neostore.relationshipgroupstore.db.id: 2015-07-21T12:39:38+0700 - 9.00 B
2015-07-21 05:39:38.718+0000 INFO  [o.n.k.i.DiagnosticsManager]:   neostore.relationshipstore.db: 2015-07-21T12:39:38+0700 - 0.00 B
2015-07-21 05:39:38.719+0000 INFO  [o.n.k.i.DiagnosticsManager]:   neostore.relationshipstore.db.id: 2015-07-21T12:39:37+0700 - 9.00 B
2015-07-21 05:39:38.719+0000 INFO  [o.n.k.i.DiagnosticsManager]:   neostore.relationshiptypestore.db: 2015-07-21T12:39:38+0700 - 0.00 B
2015-07-21 05:39:38.719+0000 INFO  [o.n.k.i.DiagnosticsManager]:   neostore.relationshiptypestore.db.id: 2015-07-21T12:39:35+0700 - 9.00 B
2015-07-21 05:39:38.720+0000 INFO  [o.n.k.i.DiagnosticsManager]:   neostore.relationshiptypestore.db.names: 2015-07-21T12:39:38+0700 - 38.00 B
2015-07-21 05:39:38.720+0000 INFO  [o.n.k.i.DiagnosticsManager]:   neostore.relationshiptypestore.db.names.id: 2015-07-21T12:39:35+0700 - 9.00 B
2015-07-21 05:39:38.720+0000 INFO  [o.n.k.i.DiagnosticsManager]:   neostore.schemastore.db: 2015-07-21T12:39:38+0700 - 64.00 B
2015-07-21 05:39:38.721+0000 INFO  [o.n.k.i.DiagnosticsManager]:   neostore.schemastore.db.id: 2015-07-21T12:39:38+0700 - 9.00 B
2015-07-21 05:39:38.721+0000 INFO  [o.n.k.i.DiagnosticsManager]:   neostore.transaction.db.0: 2015-07-21T12:39:38+0700 - 16.00 B
2015-07-21 05:39:38.721+0000 INFO  [o.n.k.i.DiagnosticsManager]:   schema:
2015-07-21 05:39:38.721+0000 INFO  [o.n.k.i.DiagnosticsManager]:     label:
2015-07-21 05:39:38.721+0000 INFO  [o.n.k.i.DiagnosticsManager]:       lucene:
2015-07-21 05:39:38.722+0000 INFO  [o.n.k.i.DiagnosticsManager]:         write.lock: 2015-07-21T12:39:38+0700 - 0.00 B
2015-07-21 05:39:38.722+0000 INFO  [o.n.k.i.DiagnosticsManager]:       - Total: 2015-07-21T12:39:38+0700 - 0.00 B
2015-07-21 05:39:38.722+0000 INFO  [o.n.k.i.DiagnosticsManager]:     - Total: 2015-07-21T12:39:38+0700 - 0.00 B
2015-07-21 05:39:38.722+0000 INFO  [o.n.k.i.DiagnosticsManager]:   - Total: 2015-07-21T12:39:38+0700 - 0.00 B
2015-07-21 05:39:38.723+0000 INFO  [o.n.k.i.DiagnosticsManager]:   store_lock: 2015-07-21T12:39:30+0700 - 0.00 B
2015-07-21 05:39:38.723+0000 INFO  [o.n.k.i.DiagnosticsManager]: --- STARTED diagnostics for KernelDiagnostics:StoreFiles END ---
2015-07-21 05:39:38.723+0000 INFO  [o.n.k.EmbeddedGraphDatabase]: Database is now ready
2015-07-21 05:39:38.724+0000 INFO  [o.n.s.d.LifecycleManagingDatabase]: Successfully started database
2015-07-21 05:39:38.730+0000 INFO  [o.n.k.i.DiagnosticsManager]: --- SERVER STARTED START ---
2015-07-21 05:39:38.735+0000 INFO  [o.n.s.CommunityNeoServer]: Starting HTTP on port :7474 with 4 threads available
2015-07-21 05:39:38.739+0000 INFO  [o.n.s.w.Jetty9WebServer]: Mounting static content at [/webadmin] from [webadmin-html]
2015-07-21 05:39:38.740+0000 INFO  [o.n.s.w.Jetty9WebServer]: Mounting static content at [/browser] from [browser]
2015-07-21 05:39:39.939+0000 INFO  [o.n.s.CommunityNeoServer]: Server started on: http://localhost:7474/
2015-07-21 05:39:39.939+0000 INFO  [o.n.s.CommunityNeoServer]: Remote interface ready and available at [http://localhost:7474/]
2015-07-21 05:39:39.940+0000 INFO  [o.n.k.i.DiagnosticsManager]: --- SERVER STARTED END ---
2015-07-21 05:39:41.823+0000 INFO  [o.n.s.m.AuthorizationModule]: Failed authentication attempt for 'neo4j' from 127.0.0.1
2015-07-21 05:39:41.834+0000 INFO  [o.n.s.m.AuthorizationModule]: Failed authentication attempt for 'neo4j' from 127.0.0.1
2015-07-21 05:40:54.716+0000 INFO  [o.n.s.CommunityNeoServer]: Successfully shutdown Neo4j Server.
2015-07-21 05:40:54.716+0000 INFO  [o.n.k.EmbeddedGraphDatabase]: Shutdown started
2015-07-21 05:40:54.716+0000 INFO  [o.n.k.EmbeddedGraphDatabase]: Database is now unavailable
2015-07-21 05:40:54.803+0000 INFO  [o.n.k.i.s.StoreFactory]: About to rotate counts store at transaction 42 to [F:\Capstone Project\Project\2015SUMJS01\WIP\Sources\Database\GraphDatabase\neostore.counts.db.b], from [F:\Capstone Project\Project\2015SUMJS01\WIP\Sources\Database\GraphDatabase\neostore.counts.db.a].
2015-07-21 05:40:54.809+0000 INFO  [o.n.k.i.s.StoreFactory]: Successfully rotated counts store at transaction 42 to [F:\Capstone Project\Project\2015SUMJS01\WIP\Sources\Database\GraphDatabase\neostore.counts.db.b], from [F:\Capstone Project\Project\2015SUMJS01\WIP\Sources\Database\GraphDatabase\neostore.counts.db.a].
2015-07-21 05:40:58.411+0000 INFO  [o.n.k.NeoStoreDataSource]: NeoStore closed
2015-07-21 05:40:58.411+0000 INFO  [o.n.k.i.DiagnosticsManager]: --- STOPPING diagnostics START ---
2015-07-21 05:40:58.411+0000 INFO  [o.n.k.i.DiagnosticsManager]: --- STOPPING diagnostics END ---
2015-07-21 05:40:58.412+0000 INFO  [o.n.s.d.LifecycleManagingDatabase]: Successfully stopped database
2015-07-21 05:40:58.413+0000 INFO  [o.n.s.CommunityNeoServer]: Successfully shutdown database.
2015-07-21 05:45:29.287+0000 INFO  [o.n.s.CommunityNeoServer]: Setting startup timeout to: 120000ms based on 120000
2015-07-21 05:45:29.336+0000 INFO  [o.n.k.InternalAbstractGraphDatabase]: No locking implementation specified, defaulting to 'community'
2015-07-21 05:45:29.337+0000 INFO  [o.n.k.i.DiagnosticsManager]: --- INITIALIZED diagnostics START ---
2015-07-21 05:45:29.337+0000 INFO  [o.n.k.i.DiagnosticsManager]: Neo4j Kernel properties:
2015-07-21 05:45:29.337+0000 INFO  [o.n.k.i.DiagnosticsManager]: org.neo4j.server.db.tuning.properties=C:\Users\haicon2321993\AppData\Roaming\Neo4j Community\neo4j.properties
2015-07-21 05:45:29.337+0000 INFO  [o.n.k.i.DiagnosticsManager]: org.neo4j.server.database.location=F:\Capstone Project\Project\2015SUMJS01\WIP\Sources\Database\GraphDatabase
2015-07-21 05:45:29.337+0000 INFO  [o.n.k.i.DiagnosticsManager]: store_dir=F:\Capstone Project\Project\2015SUMJS01\WIP\Sources\Database\GraphDatabase
2015-07-21 05:45:29.337+0000 INFO  [o.n.k.i.DiagnosticsManager]: dbms.querylog.filename=data/log/queries.log
2015-07-21 05:45:29.337+0000 INFO  [o.n.k.i.DiagnosticsManager]: dbms.security.auth_store.location=F:\Capstone Project\Project\2015SUMJS01\WIP\Sources\Database\GraphDatabase\.\dbms\auth
2015-07-21 05:45:29.337+0000 INFO  [o.n.k.i.DiagnosticsManager]: remote_shell_enabled=true
2015-07-21 05:45:29.337+0000 INFO  [o.n.k.i.DiagnosticsManager]: Diagnostics providers:
2015-07-21 05:45:29.337+0000 INFO  [o.n.k.i.DiagnosticsManager]: org.neo4j.kernel.configuration.Config
2015-07-21 05:45:29.337+0000 INFO  [o.n.k.i.DiagnosticsManager]: org.neo4j.kernel.info.DiagnosticsManager
2015-07-21 05:45:29.337+0000 INFO  [o.n.k.i.DiagnosticsManager]: SYSTEM_MEMORY
2015-07-21 05:45:29.337+0000 INFO  [o.n.k.i.DiagnosticsManager]: JAVA_MEMORY
2015-07-21 05:45:29.337+0000 INFO  [o.n.k.i.DiagnosticsManager]: OPERATING_SYSTEM
2015-07-21 05:45:29.337+0000 INFO  [o.n.k.i.DiagnosticsManager]: JAVA_VIRTUAL_MACHINE
2015-07-21 05:45:29.337+0000 INFO  [o.n.k.i.DiagnosticsManager]: CLASSPATH
2015-07-21 05:45:29.337+0000 INFO  [o.n.k.i.DiagnosticsManager]: LIBRARY_PATH
2015-07-21 05:45:29.337+0000 INFO  [o.n.k.i.DiagnosticsManager]: SYSTEM_PROPERTIES
2015-07-21 05:45:29.337+0000 INFO  [o.n.k.i.DiagnosticsManager]: NETWORK
2015-07-21 05:45:29.337+0000 INFO  [o.n.k.i.DiagnosticsManager]: System memory information:
2015-07-21 05:45:29.337+0000 INFO  [o.n.k.i.DiagnosticsManager]: Total Physical memory: 5.92 GB
2015-07-21 05:45:29.338+0000 INFO  [o.n.k.i.DiagnosticsManager]: Free Physical memory: 2.24 GB
2015-07-21 05:45:29.338+0000 INFO  [o.n.k.i.DiagnosticsManager]: Committed virtual memory: 848.71 MB
2015-07-21 05:45:29.338+0000 INFO  [o.n.k.i.DiagnosticsManager]: Total swap space: 8.42 GB
2015-07-21 05:45:29.338+0000 INFO  [o.n.k.i.DiagnosticsManager]: Free swap space: 4.04 GB
2015-07-21 05:45:29.338+0000 INFO  [o.n.k.i.DiagnosticsManager]: JVM memory information:
2015-07-21 05:45:29.338+0000 INFO  [o.n.k.i.DiagnosticsManager]: Free  memory: 131.36 MB
2015-07-21 05:45:29.339+0000 INFO  [o.n.k.i.DiagnosticsManager]: Total memory: 351.00 MB
2015-07-21 05:45:29.339+0000 INFO  [o.n.k.i.DiagnosticsManager]: Max   memory: 1.32 GB
2015-07-21 05:45:29.339+0000 INFO  [o.n.k.i.DiagnosticsManager]: Garbage Collector: PS Scavenge: [PS Eden Space, PS Survivor Space]
2015-07-21 05:45:29.339+0000 INFO  [o.n.k.i.DiagnosticsManager]: Garbage Collector: PS MarkSweep: [PS Eden Space, PS Survivor Space, PS Old Gen, PS Perm Gen]
2015-07-21 05:45:29.339+0000 INFO  [o.n.k.i.DiagnosticsManager]: Memory Pool: Code Cache (Non-heap memory): committed=6.13 MB, used=5.85 MB, max=48.00 MB, threshold=0.00 B
2015-07-21 05:45:29.339+0000 INFO  [o.n.k.i.DiagnosticsManager]: Memory Pool: PS Eden Space (Heap memory): committed=197.50 MB, used=119.36 MB, max=492.50 MB, threshold=?
2015-07-21 05:45:29.339+0000 INFO  [o.n.k.i.DiagnosticsManager]: Memory Pool: PS Survivor Space (Heap memory): committed=512.00 kB, used=160.00 kB, max=512.00 kB, threshold=?
2015-07-21 05:45:29.340+0000 INFO  [o.n.k.i.DiagnosticsManager]: Memory Pool: PS Old Gen (Heap memory): committed=153.00 MB, used=100.12 MB, max=1010.50 MB, threshold=0.00 B
2015-07-21 05:45:29.340+0000 INFO  [o.n.k.i.DiagnosticsManager]: Memory Pool: PS Perm Gen (Non-heap memory): committed=82.00 MB, used=69.79 MB, max=82.00 MB, threshold=0.00 B
2015-07-21 05:45:29.340+0000 INFO  [o.n.k.i.DiagnosticsManager]: Operating system information:
2015-07-21 05:45:29.340+0000 INFO  [o.n.k.i.DiagnosticsManager]: Operating System: Windows 8; version: 6.2; arch: amd64; cpus: 4
2015-07-21 05:45:29.340+0000 INFO  [o.n.k.i.DiagnosticsManager]: Process id: 7908@haidtse02856
2015-07-21 05:45:29.340+0000 INFO  [o.n.k.i.DiagnosticsManager]: Byte order: LITTLE_ENDIAN
2015-07-21 05:45:29.340+0000 INFO  [o.n.k.i.DiagnosticsManager]: Local timezone: Asia/Bangkok
2015-07-21 05:45:29.340+0000 INFO  [o.n.k.i.DiagnosticsManager]: JVM information:
2015-07-21 05:45:29.340+0000 INFO  [o.n.k.i.DiagnosticsManager]: VM Name: Java HotSpot(TM) 64-Bit Server VM
2015-07-21 05:45:29.340+0000 INFO  [o.n.k.i.DiagnosticsManager]: VM Vendor: Oracle Corporation
2015-07-21 05:45:29.341+0000 INFO  [o.n.k.i.DiagnosticsManager]: VM Version: 24.76-b04
2015-07-21 05:45:29.341+0000 INFO  [o.n.k.i.DiagnosticsManager]: JIT compiler: HotSpot 64-Bit Tiered Compilers
2015-07-21 05:45:29.341+0000 INFO  [o.n.k.i.DiagnosticsManager]: VM Arguments: [-Dexe4j.semaphoreName=Local\c:_program_files_neo4j_community_bin_neo4j-community.exe, -Dexe4j.isInstall4j=true, -Dexe4j.moduleName=C:\Program Files\Neo4j Community\bin\neo4j-community.exe, -Dexe4j.tempDir=, -Dexe4j.unextractedPosition=0, -Djava.library.path=C:\Windows\system32;C:\Windows;C:\Windows\System32\Wbem;C:\Windows\System32\WindowsPowerShell\v1.0\;C:\Program Files (x86)\AMD\ATI.ACE\Core-Static;C:\Program Files\Microsoft\Web Platform Installer\;C:\Program Files (x86)\Microsoft ASP.NET\ASP.NET Web Pages\v1.0\;C:\Program Files\Microsoft SQL Server\110\Tools\Binn\;C:\Program Files\TortoiseGit\bin;C:\Program Files (x86)\Windows Kits\8.1\Windows Performance Toolkit\;C:\Program Files\Microsoft SQL Server\110\DTS\Binn\;C:\Program Files (x86)\Microsoft SQL Server\110\Tools\Binn\;C:\Program Files (x86)\Microsoft SQL Server\110\Tools\Binn\ManagementStudio\;C:\Program Files (x86)\Microsoft Visual Studio 10.0\Common7\IDE\PrivateAssemblies\;C:\Program Files (x86)\Microsoft SQL Server\110\DTS\Binn\;C:\Program Files (x86)\Skype\Phone\;C:\Program Files (x86)\Microsoft SDKs\TypeScript\1.0\;C:\Program Files\Microsoft SQL Server\120\Tools\Binn\;c:\program files\java\jre7\bin, -Dexe4j.consoleCodepage=cp0, -Dinstall4j.launcherId=24, -Dinstall4j.swt=false]
2015-07-21 05:45:29.341+0000 INFO  [o.n.k.i.DiagnosticsManager]: Java classpath:
2015-07-21 05:45:29.343+0000 INFO  [o.n.k.i.DiagnosticsManager]:  [bootstrap] C:\Program Files\Java\jre7\lib\resources.jar
2015-07-21 05:45:29.343+0000 INFO  [o.n.k.i.DiagnosticsManager]:  [classpath] C:\Program Files\Neo4j Community\.install4j\i4jruntime.jar
2015-07-21 05:45:29.343+0000 INFO  [o.n.k.i.DiagnosticsManager]:  [loader.1] file:/C:/Program%20Files/Java/jre7/lib/ext/localedata.jar
2015-07-21 05:45:29.343+0000 INFO  [o.n.k.i.DiagnosticsManager]:  [loader.1] file:/C:/Program%20Files/Java/jre7/lib/ext/zipfs.jar
2015-07-21 05:45:29.343+0000 INFO  [o.n.k.i.DiagnosticsManager]:  [loader.0] file:/C:/Program%20Files/Neo4j%20Community/bin/neo4j-desktop-2.2.3.jar
2015-07-21 05:45:29.343+0000 INFO  [o.n.k.i.DiagnosticsManager]:  [bootstrap] C:\Program Files\Java\jre7\classes
2015-07-21 05:45:29.343+0000 INFO  [o.n.k.i.DiagnosticsManager]:  [loader.1] file:/C:/Program%20Files/Java/jre7/lib/ext/sunjce_provider.jar
2015-07-21 05:45:29.343+0000 INFO  [o.n.k.i.DiagnosticsManager]:  [loader.1] file:/C:/Program%20Files/Java/jre7/lib/ext/jaccess.jar
2015-07-21 05:45:29.343+0000 INFO  [o.n.k.i.DiagnosticsManager]:  [bootstrap] C:\Program Files\Java\jre7\lib\jfr.jar
2015-07-21 05:45:29.344+0000 INFO  [o.n.k.i.DiagnosticsManager]:  [bootstrap] C:\Program Files\Java\jre7\lib\jsse.jar
2015-07-21 05:45:29.344+0000 INFO  [o.n.k.i.DiagnosticsManager]:  [loader.1] file:/C:/Program%20Files/Java/jre7/lib/ext/sunmscapi.jar
2015-07-21 05:45:29.344+0000 INFO  [o.n.k.i.DiagnosticsManager]:  [loader.0] file:/C:/Program%20Files/Neo4j%20Community/bin/
2015-07-21 05:45:29.344+0000 INFO  [o.n.k.i.DiagnosticsManager]:  [bootstrap] C:\Program Files\Java\jre7\lib\jce.jar
2015-07-21 05:45:29.344+0000 INFO  [o.n.k.i.DiagnosticsManager]:  [bootstrap] C:\Program Files\Java\jre7\lib\rt.jar
2015-07-21 05:45:29.344+0000 INFO  [o.n.k.i.DiagnosticsManager]:  [loader.1] file:/C:/Program%20Files/Java/jre7/lib/ext/access-bridge-64.jar
2015-07-21 05:45:29.344+0000 INFO  [o.n.k.i.DiagnosticsManager]:  [bootstrap] C:\Program Files\Java\jre7\lib\sunrsasign.jar
2015-07-21 05:45:29.344+0000 INFO  [o.n.k.i.DiagnosticsManager]:  [classpath] C:\Program Files\Neo4j Community\bin\neo4j-desktop-2.2.3.jar
2015-07-21 05:45:29.344+0000 INFO  [o.n.k.i.DiagnosticsManager]:  [loader.1] file:/C:/Program%20Files/Java/jre7/lib/ext/dnsns.jar
2015-07-21 05:45:29.344+0000 INFO  [o.n.k.i.DiagnosticsManager]:  [bootstrap] C:\Program Files\Java\jre7\lib\charsets.jar
2015-07-21 05:45:29.344+0000 INFO  [o.n.k.i.DiagnosticsManager]:  [loader.0] file:/C:/Program%20Files/Neo4j%20Community/.install4j/i4jruntime.jar
2015-07-21 05:45:29.344+0000 INFO  [o.n.k.i.DiagnosticsManager]:  [loader.1] file:/C:/Program%20Files/Java/jre7/lib/ext/sunec.jar
2015-07-21 05:45:29.344+0000 INFO  [o.n.k.i.DiagnosticsManager]: Library path:
2015-07-21 05:45:29.344+0000 INFO  [o.n.k.i.DiagnosticsManager]: C:\Windows\System32
2015-07-21 05:45:29.344+0000 INFO  [o.n.k.i.DiagnosticsManager]: C:\Windows
2015-07-21 05:45:29.345+0000 INFO  [o.n.k.i.DiagnosticsManager]: C:\Windows\System32\wbem
2015-07-21 05:45:29.345+0000 INFO  [o.n.k.i.DiagnosticsManager]: C:\Windows\System32\WindowsPowerShell\v1.0
2015-07-21 05:45:29.345+0000 INFO  [o.n.k.i.DiagnosticsManager]: C:\Program Files (x86)\AMD\ATI.ACE\Core-Static
2015-07-21 05:45:29.345+0000 INFO  [o.n.k.i.DiagnosticsManager]: C:\Program Files\Microsoft\Web Platform Installer
2015-07-21 05:45:29.346+0000 INFO  [o.n.k.i.DiagnosticsManager]: C:\Program Files (x86)\Microsoft ASP.NET\ASP.NET Web Pages\v1.0
2015-07-21 05:45:29.346+0000 INFO  [o.n.k.i.DiagnosticsManager]: C:\Program Files\Microsoft SQL Server\110\Tools\Binn
2015-07-21 05:45:29.346+0000 INFO  [o.n.k.i.DiagnosticsManager]: C:\Program Files\TortoiseGit\bin
2015-07-21 05:45:29.346+0000 INFO  [o.n.k.i.DiagnosticsManager]: C:\Program Files (x86)\Windows Kits\8.1\Windows Performance Toolkit
2015-07-21 05:45:29.347+0000 INFO  [o.n.k.i.DiagnosticsManager]: C:\Program Files\Microsoft SQL Server\110\DTS\Binn
2015-07-21 05:45:29.347+0000 INFO  [o.n.k.i.DiagnosticsManager]: C:\Program Files (x86)\Microsoft SQL Server\110\Tools\Binn
2015-07-21 05:45:29.347+0000 INFO  [o.n.k.i.DiagnosticsManager]: C:\Program Files (x86)\Microsoft SQL Server\110\Tools\Binn\ManagementStudio
2015-07-21 05:45:29.348+0000 INFO  [o.n.k.i.DiagnosticsManager]: C:\Program Files (x86)\Microsoft Visual Studio 10.0\Common7\IDE\PrivateAssemblies
2015-07-21 05:45:29.348+0000 INFO  [o.n.k.i.DiagnosticsManager]: C:\Program Files (x86)\Microsoft SQL Server\110\DTS\Binn
2015-07-21 05:45:29.348+0000 INFO  [o.n.k.i.DiagnosticsManager]: C:\Program Files (x86)\Skype\Phone
2015-07-21 05:45:29.348+0000 INFO  [o.n.k.i.DiagnosticsManager]: C:\Program Files (x86)\Microsoft SDKs\TypeScript\1.0
2015-07-21 05:45:29.349+0000 INFO  [o.n.k.i.DiagnosticsManager]: C:\Program Files\Microsoft SQL Server\120\Tools\Binn
2015-07-21 05:45:29.349+0000 INFO  [o.n.k.i.DiagnosticsManager]: C:\Program Files\Java\jre7\bin
2015-07-21 05:45:29.349+0000 INFO  [o.n.k.i.DiagnosticsManager]: System.properties:
2015-07-21 05:45:29.349+0000 INFO  [o.n.k.i.DiagnosticsManager]: exe4j.moduleName = C:\Program Files\Neo4j Community\bin\neo4j-community.exe
2015-07-21 05:45:29.349+0000 INFO  [o.n.k.i.DiagnosticsManager]: exe4j.semaphoreName = Local\c:_program_files_neo4j_community_bin_neo4j-community.exe
2015-07-21 05:45:29.349+0000 INFO  [o.n.k.i.DiagnosticsManager]: sun.boot.library.path = c:\program files\java\jre7\bin
2015-07-21 05:45:29.349+0000 INFO  [o.n.k.i.DiagnosticsManager]: exe4j.consoleCodepage = cp0
2015-07-21 05:45:29.349+0000 INFO  [o.n.k.i.DiagnosticsManager]: path.separator = ;
2015-07-21 05:45:29.349+0000 INFO  [o.n.k.i.DiagnosticsManager]: file.encoding.pkg = sun.io
2015-07-21 05:45:29.349+0000 INFO  [o.n.k.i.DiagnosticsManager]: user.country = US
2015-07-21 05:45:29.349+0000 INFO  [o.n.k.i.DiagnosticsManager]: user.script = 
2015-07-21 05:45:29.349+0000 INFO  [o.n.k.i.DiagnosticsManager]: sun.os.patch.level = 
2015-07-21 05:45:29.349+0000 INFO  [o.n.k.i.DiagnosticsManager]: install4j.exeDir = C:\Program Files\Neo4j Community\bin\
2015-07-21 05:45:29.349+0000 INFO  [o.n.k.i.DiagnosticsManager]: user.dir = C:\Program Files\Neo4j Community\bin
2015-07-21 05:45:29.349+0000 INFO  [o.n.k.i.DiagnosticsManager]: neo4j.ext.udc.source = desktop
2015-07-21 05:45:29.349+0000 INFO  [o.n.k.i.DiagnosticsManager]: user.variant = 
2015-07-21 05:45:29.350+0000 INFO  [o.n.k.i.DiagnosticsManager]: exe4j.tempDir = 
2015-07-21 05:45:29.350+0000 INFO  [o.n.k.i.DiagnosticsManager]: sun.jnu.encoding = Cp1252
2015-07-21 05:45:29.350+0000 INFO  [o.n.k.i.DiagnosticsManager]: sun.awt.enableExtraMouseButtons = true
2015-07-21 05:45:29.350+0000 INFO  [o.n.k.i.DiagnosticsManager]: install4j.launcherId = 24
2015-07-21 05:45:29.350+0000 INFO  [o.n.k.i.DiagnosticsManager]: sun.management.compiler = HotSpot 64-Bit Tiered Compilers
2015-07-21 05:45:29.350+0000 INFO  [o.n.k.i.DiagnosticsManager]: exe4j.isInstall4j = true
2015-07-21 05:45:29.350+0000 INFO  [o.n.k.i.DiagnosticsManager]: install4j.swt = false
2015-07-21 05:45:29.350+0000 INFO  [o.n.k.i.DiagnosticsManager]: user.home = C:\Users\haicon2321993
2015-07-21 05:45:29.350+0000 INFO  [o.n.k.i.DiagnosticsManager]: user.timezone = Asia/Bangkok
2015-07-21 05:45:29.350+0000 INFO  [o.n.k.i.DiagnosticsManager]: file.encoding = Cp1252
2015-07-21 05:45:29.350+0000 INFO  [o.n.k.i.DiagnosticsManager]: user.name = haicon2321993
2015-07-21 05:45:29.350+0000 INFO  [o.n.k.i.DiagnosticsManager]: sun.java.command = C:\Program Files\Neo4j Community\bin\neo4j-community.exe
2015-07-21 05:45:29.350+0000 INFO  [o.n.k.i.DiagnosticsManager]: sun.arch.data.model = 64
2015-07-21 05:45:29.350+0000 INFO  [o.n.k.i.DiagnosticsManager]: exe4j.launchName = C:\Program Files\Neo4j Community\bin\neo4j-community.exe
2015-07-21 05:45:29.350+0000 INFO  [o.n.k.i.DiagnosticsManager]: user.language = en
2015-07-21 05:45:29.350+0000 INFO  [o.n.k.i.DiagnosticsManager]: awt.toolkit = sun.awt.windows.WToolkit
2015-07-21 05:45:29.350+0000 INFO  [o.n.k.i.DiagnosticsManager]: exe4j.unextractedPosition = 0
2015-07-21 05:45:29.350+0000 INFO  [o.n.k.i.DiagnosticsManager]: install4j.appDir = C:\Program Files\Neo4j Community\
2015-07-21 05:45:29.350+0000 INFO  [o.n.k.i.DiagnosticsManager]: file.separator = \
2015-07-21 05:45:29.350+0000 INFO  [o.n.k.i.DiagnosticsManager]: sun.io.unicode.encoding = UnicodeLittle
2015-07-21 05:45:29.350+0000 INFO  [o.n.k.i.DiagnosticsManager]: sun.cpu.endian = little
2015-07-21 05:45:29.351+0000 INFO  [o.n.k.i.DiagnosticsManager]: sun.desktop = windows
2015-07-21 05:45:29.351+0000 INFO  [o.n.k.i.DiagnosticsManager]: sun.cpu.isalist = amd64
2015-07-21 05:45:29.351+0000 INFO  [o.n.k.i.DiagnosticsManager]: Network information:
2015-07-21 05:45:29.770+0000 INFO  [o.n.k.i.DiagnosticsManager]: Interface Software Loopback Interface 1:
2015-07-21 05:45:29.770+0000 INFO  [o.n.k.i.DiagnosticsManager]:     address: 127.0.0.1
2015-07-21 05:45:29.770+0000 INFO  [o.n.k.i.DiagnosticsManager]:     address: 0:0:0:0:0:0:0:1
2015-07-21 05:45:29.770+0000 INFO  [o.n.k.i.DiagnosticsManager]: Interface WAN Miniport (L2TP):
2015-07-21 05:45:29.771+0000 INFO  [o.n.k.i.DiagnosticsManager]: Interface WAN Miniport (SSTP):
2015-07-21 05:45:29.771+0000 INFO  [o.n.k.i.DiagnosticsManager]: Interface WAN Miniport (IKEv2):
2015-07-21 05:45:29.771+0000 INFO  [o.n.k.i.DiagnosticsManager]: Interface WAN Miniport (PPTP):
2015-07-21 05:45:29.771+0000 INFO  [o.n.k.i.DiagnosticsManager]: Interface WAN Miniport (PPPOE):
2015-07-21 05:45:29.771+0000 INFO  [o.n.k.i.DiagnosticsManager]: Interface WAN Miniport (IP):
2015-07-21 05:45:29.771+0000 INFO  [o.n.k.i.DiagnosticsManager]: Interface WAN Miniport (IPv6):
2015-07-21 05:45:29.771+0000 INFO  [o.n.k.i.DiagnosticsManager]: Interface WAN Miniport (Network Monitor):
2015-07-21 05:45:29.771+0000 INFO  [o.n.k.i.DiagnosticsManager]: Interface Microsoft Kernel Debug Network Adapter:
2015-07-21 05:45:29.771+0000 INFO  [o.n.k.i.DiagnosticsManager]: Interface RAS Async Adapter:
2015-07-21 05:45:29.771+0000 INFO  [o.n.k.i.DiagnosticsManager]: Interface Intel(R) Centrino(R) Wireless-N 1030:
2015-07-21 05:45:29.771+0000 INFO  [o.n.k.i.DiagnosticsManager]: Interface Realtek PCIe GBE Family Controller:
2015-07-21 05:45:29.771+0000 INFO  [o.n.k.i.DiagnosticsManager]: Interface Bluetooth Device (RFCOMM Protocol TDI):
2015-07-21 05:45:29.771+0000 INFO  [o.n.k.i.DiagnosticsManager]: Interface Bluetooth Device (Personal Area Network):
2015-07-21 05:45:29.771+0000 INFO  [o.n.k.i.DiagnosticsManager]:     address: fe80:0:0:0:d9d8:9531:d4a8:7b09%15
2015-07-21 05:45:29.771+0000 INFO  [o.n.k.i.DiagnosticsManager]: Interface Microsoft ISATAP Adapter:
2015-07-21 05:45:29.771+0000 INFO  [o.n.k.i.DiagnosticsManager]: Interface Teredo Tunneling Pseudo-Interface:
2015-07-21 05:45:29.771+0000 INFO  [o.n.k.i.DiagnosticsManager]:     address: fe80:0:0:0:0:ffff:ffff:fffe%17
2015-07-21 05:45:29.771+0000 INFO  [o.n.k.i.DiagnosticsManager]: Interface Microsoft ISATAP Adapter #2:
2015-07-21 05:45:29.771+0000 INFO  [o.n.k.i.DiagnosticsManager]: Interface Microsoft ISATAP Adapter #3:
2015-07-21 05:45:29.771+0000 INFO  [o.n.k.i.DiagnosticsManager]: Interface Microsoft Hosted Network Virtual Adapter:
2015-07-21 05:45:29.772+0000 INFO  [o.n.k.i.DiagnosticsManager]: Interface Microsoft ISATAP Adapter #4:
2015-07-21 05:45:29.772+0000 INFO  [o.n.k.i.DiagnosticsManager]:     address: fe80:0:0:0:0:5efe:a14:589%21
2015-07-21 05:45:29.772+0000 INFO  [o.n.k.i.DiagnosticsManager]: Interface Microsoft ISATAP Adapter #5:
2015-07-21 05:45:29.772+0000 INFO  [o.n.k.i.DiagnosticsManager]: Interface Intel(R) 82566DM-2 Gigabit Network Connection:
2015-07-21 05:45:29.772+0000 INFO  [o.n.k.i.DiagnosticsManager]: Interface Microsoft Hyper-V Network Switch Default Miniport:
2015-07-21 05:45:29.772+0000 INFO  [o.n.k.i.DiagnosticsManager]: Interface Hyper-V Virtual Switch Extension Adapter:
2015-07-21 05:45:29.772+0000 INFO  [o.n.k.i.DiagnosticsManager]: Interface Hyper-V Virtual Ethernet Adapter #2:
2015-07-21 05:45:29.772+0000 INFO  [o.n.k.i.DiagnosticsManager]:     address: fe80:0:0:0:5c8e:12c6:983b:3602%26
2015-07-21 05:45:29.772+0000 INFO  [o.n.k.i.DiagnosticsManager]: Interface Hyper-V Virtual Switch Extension Adapter #2:
2015-07-21 05:45:29.772+0000 INFO  [o.n.k.i.DiagnosticsManager]: Interface Microsoft Network Adapter Multiplexor Default Miniport:
2015-07-21 05:45:29.772+0000 INFO  [o.n.k.i.DiagnosticsManager]: Interface Microsoft Network Adapter Multiplexor Driver:
2015-07-21 05:45:29.772+0000 INFO  [o.n.k.i.DiagnosticsManager]: Interface Hyper-V Virtual Ethernet Adapter #3:
2015-07-21 05:45:29.772+0000 INFO  [o.n.k.i.DiagnosticsManager]:     address: 10.20.5.137
2015-07-21 05:45:29.772+0000 INFO  [o.n.k.i.DiagnosticsManager]:     address: fe80:0:0:0:2c12:f350:5a2d:8699%30
2015-07-21 05:45:29.772+0000 INFO  [o.n.k.i.DiagnosticsManager]: Interface WAN Miniport (IP)-QoS Packet Scheduler-0000:
2015-07-21 05:45:29.772+0000 INFO  [o.n.k.i.DiagnosticsManager]: Interface Hyper-V Virtual Switch Extension Adapter #2-WFP vSwitch Layers LightWeight Filter-0000:
2015-07-21 05:45:29.772+0000 INFO  [o.n.k.i.DiagnosticsManager]: Interface Hyper-V Virtual Switch Extension Adapter-WFP vSwitch Layers LightWeight Filter-0000:
2015-07-21 05:45:29.772+0000 INFO  [o.n.k.i.DiagnosticsManager]: Interface Hyper-V Virtual Ethernet Adapter #2-QoS Packet Scheduler-0000:
2015-07-21 05:45:29.772+0000 INFO  [o.n.k.i.DiagnosticsManager]: Interface Hyper-V Virtual Ethernet Adapter #2-WFP 802.3 MAC Layer LightWeight Filter-0000:
2015-07-21 05:45:29.772+0000 INFO  [o.n.k.i.DiagnosticsManager]: Interface Hyper-V Virtual Ethernet Adapter #2-WFP Native MAC Layer LightWeight Filter-0000:
2015-07-21 05:45:29.773+0000 INFO  [o.n.k.i.DiagnosticsManager]: Interface WAN Miniport (IPv6)-QoS Packet Scheduler-0000:
2015-07-21 05:45:29.773+0000 INFO  [o.n.k.i.DiagnosticsManager]: Interface Realtek PCIe GBE Family Controller-WFP Native MAC Layer LightWeight Filter-0000:
2015-07-21 05:45:29.773+0000 INFO  [o.n.k.i.DiagnosticsManager]: Interface Intel(R) Centrino(R) Wireless-N 1030-Virtual WiFi Filter Driver-0000:
2015-07-21 05:45:29.773+0000 INFO  [o.n.k.i.DiagnosticsManager]: Interface Intel(R) Centrino(R) Wireless-N 1030-WFP Native MAC Layer LightWeight Filter-0000:
2015-07-21 05:45:29.773+0000 INFO  [o.n.k.i.DiagnosticsManager]: Interface WAN Miniport (Network Monitor)-QoS Packet Scheduler-0000:
2015-07-21 05:45:29.773+0000 INFO  [o.n.k.i.DiagnosticsManager]: Interface Hyper-V Virtual Ethernet Adapter #3-QoS Packet Scheduler-0000:
2015-07-21 05:45:29.773+0000 INFO  [o.n.k.i.DiagnosticsManager]: Interface Hyper-V Virtual Ethernet Adapter #3-WFP 802.3 MAC Layer LightWeight Filter-0000:
2015-07-21 05:45:29.773+0000 INFO  [o.n.k.i.DiagnosticsManager]: Interface Hyper-V Virtual Ethernet Adapter #3-WFP Native MAC Layer LightWeight Filter-0000:
2015-07-21 05:45:29.773+0000 INFO  [o.n.k.i.DiagnosticsManager]: Interface Intel(R) Centrino(R) Wireless-N 1030-Native WiFi Filter Driver-0000:
2015-07-21 05:45:29.773+0000 INFO  [o.n.k.i.DiagnosticsManager]: Interface Microsoft Network Adapter Multiplexor Driver-Microsoft Network Bridge-0000:
2015-07-21 05:45:29.773+0000 INFO  [o.n.k.i.DiagnosticsManager]: Interface Microsoft Network Adapter Multiplexor Driver-WFP Native MAC Layer LightWeight Filter-0000:
2015-07-21 05:45:29.773+0000 INFO  [o.n.k.i.DiagnosticsManager]: --- INITIALIZED diagnostics END ---
2015-07-21 05:45:29.966+0000 INFO  [o.n.k.NeoStoreDataSource]: Opened logical log [F:\Capstone Project\Project\2015SUMJS01\WIP\Sources\Database\GraphDatabase\neostore.transaction.db.1] version=1, lastTxId=42 (clean)
2015-07-21 05:45:29.969+0000 INFO  [o.n.k.KernelHealth]: Kernel health set to OK
2015-07-21 05:45:29.979+0000 INFO  [o.n.k.i.DiagnosticsManager]: --- STARTED diagnostics for KernelDiagnostics:Versions START ---
2015-07-21 05:45:29.980+0000 INFO  [o.n.k.i.DiagnosticsManager]: Graph Database: org.neo4j.kernel.EmbeddedGraphDatabase StoreId{creationTime=1437457170480, randomId=-6999200098197757142, storeVersion=14969031248344582, upgradeTime=1437457170480, upgradeId=1}
2015-07-21 05:45:29.980+0000 INFO  [o.n.k.i.DiagnosticsManager]: Kernel version: Neo4j Desktop (neo4j-desktop), version: 2.2.3
2015-07-21 05:45:29.980+0000 INFO  [o.n.k.i.DiagnosticsManager]: Neo4j component versions:
2015-07-21 05:45:29.981+0000 INFO  [o.n.k.i.DiagnosticsManager]:   Neo4j Desktop (neo4j-lucene-index), version: 2.2.3; revision: 2.2.3:2.2:48/2b261bd9bb532f283b2caed9b2d9eb4992e677b4-dirty
2015-07-21 05:45:29.981+0000 INFO  [o.n.k.i.DiagnosticsManager]:   Neo4j Desktop (neo4j-cypher-compiler-2.1), version: 2.2.3; revision: 2.1.8:2.1-maint:687/5c83ce3a5ddf33259593f719153ce71a6fe89fc7
2015-07-21 05:45:29.981+0000 INFO  [o.n.k.i.DiagnosticsManager]:   Neo4j Desktop (neo4j-import-tool), version: 2.2.3; revision: 2.2.3:2.2:48/2b261bd9bb532f283b2caed9b2d9eb4992e677b4-dirty
2015-07-21 05:45:29.981+0000 INFO  [o.n.k.i.DiagnosticsManager]:   Neo4j Desktop (neo4j-cypher-compiler-2.2), version: 2.2.3; revision: 2.2.3:2.2:48/2b261bd9bb532f283b2caed9b2d9eb4992e677b4-dirty
2015-07-21 05:45:29.981+0000 INFO  [o.n.k.i.DiagnosticsManager]:   Neo4j Desktop (neo4j-graph-algo), version: 2.2.3; revision: 2.2.3:2.2:48/2b261bd9bb532f283b2caed9b2d9eb4992e677b4-dirty
2015-07-21 05:45:29.981+0000 INFO  [o.n.k.i.DiagnosticsManager]:   Neo4j Desktop (neo4j-consistency-check), version: 2.2.3; revision: 2.2.3:2.2:48/2b261bd9bb532f283b2caed9b2d9eb4992e677b4-dirty
2015-07-21 05:45:29.981+0000 INFO  [o.n.k.i.DiagnosticsManager]:   Neo4j Desktop (neo4j-cypher-compiler-2.0), version: 2.2.3; revision: 2.0.4:2.0-maint:130/4a7d10bc274a5d26a180bbe9df25100e8a694748
2015-07-21 05:45:29.981+0000 INFO  [o.n.k.i.DiagnosticsManager]:   Neo4j Desktop (neo4j-cypher-compiler-1.9), version: 2.2.3; revision: 2.0.4:2.0-maint:130/4a7d10bc274a5d26a180bbe9df25100e8a694748
2015-07-21 05:45:29.981+0000 INFO  [o.n.k.i.DiagnosticsManager]:   Neo4j Desktop (neo4j-udc), version: 2.2.3; revision: 2.2.3:2.2:48/2b261bd9bb532f283b2caed9b2d9eb4992e677b4-dirty
2015-07-21 05:45:29.981+0000 INFO  [o.n.k.i.DiagnosticsManager]:   Neo4j Desktop (neo4j-jmx), version: 2.2.3; revision: 2.2.3:2.2:48/2b261bd9bb532f283b2caed9b2d9eb4992e677b4-dirty
2015-07-21 05:45:29.981+0000 INFO  [o.n.k.i.DiagnosticsManager]:   Neo4j Desktop (neo4j-graph-matching), version: 2.2.3; revision: 2.2.3:2.2:48/2b261bd9bb532f283b2caed9b2d9eb4992e677b4-dirty
2015-07-21 05:45:29.981+0000 INFO  [o.n.k.i.DiagnosticsManager]:   Neo4j Desktop (server-api), version: 2.2.3; revision: 2.2.3:2.2:48/2b261bd9bb532f283b2caed9b2d9eb4992e677b4-dirty
2015-07-21 05:45:29.981+0000 INFO  [o.n.k.i.DiagnosticsManager]:   Neo4j Desktop (neo4j-desktop), version: 2.2.3; revision: 2.2.3:2.2:48/2b261bd9bb532f283b2caed9b2d9eb4992e677b4-dirty
2015-07-21 05:45:29.981+0000 INFO  [o.n.k.i.DiagnosticsManager]:   Neo4j Desktop (neo4j-cypher), version: 2.2.3; revision: 2.2.3:2.2:48/2b261bd9bb532f283b2caed9b2d9eb4992e677b4-dirty
2015-07-21 05:45:29.981+0000 INFO  [o.n.k.i.DiagnosticsManager]:   Neo4j Desktop (neo4j-server), version: 2.2.3; revision: 2.2.3:2.2:48/2b261bd9bb532f283b2caed9b2d9eb4992e677b4-dirty
2015-07-21 05:45:29.981+0000 INFO  [o.n.k.i.DiagnosticsManager]:   Neo4j Desktop (neo4j-shell), version: 2.2.3; revision: 2.2.3:2.2:48/2b261bd9bb532f283b2caed9b2d9eb4992e677b4-dirty
2015-07-21 05:45:29.981+0000 INFO  [o.n.k.i.DiagnosticsManager]: --- STARTED diagnostics for KernelDiagnostics:Versions END ---
2015-07-21 05:45:29.981+0000 INFO  [o.n.k.i.DiagnosticsManager]: --- STARTED diagnostics for NEO_STORE_VERSIONS START ---
2015-07-21 05:45:29.981+0000 INFO  [o.n.k.i.DiagnosticsManager]: Store versions:
2015-07-21 05:45:29.981+0000 INFO  [o.n.k.i.DiagnosticsManager]: Store versions:
2015-07-21 05:45:29.982+0000 INFO  [o.n.k.i.DiagnosticsManager]:   NeoStore v0.A.5
2015-07-21 05:45:29.982+0000 INFO  [o.n.k.i.DiagnosticsManager]:   SchemaStore v0.A.5
2015-07-21 05:45:29.982+0000 INFO  [o.n.k.i.DiagnosticsManager]:   NodeStore v0.A.5
2015-07-21 05:45:29.982+0000 INFO  [o.n.k.i.DiagnosticsManager]:   RelationshipStore v0.A.5
2015-07-21 05:45:29.982+0000 INFO  [o.n.k.i.DiagnosticsManager]:   RelationshipTypeStore v0.A.5
2015-07-21 05:45:29.982+0000 INFO  [o.n.k.i.DiagnosticsManager]:   LabelTokenStore v0.A.5
2015-07-21 05:45:29.982+0000 INFO  [o.n.k.i.DiagnosticsManager]:   PropertyStore v0.A.5
2015-07-21 05:45:29.982+0000 INFO  [o.n.k.i.DiagnosticsManager]:   PropertyIndexStore v0.A.5
2015-07-21 05:45:29.982+0000 INFO  [o.n.k.i.DiagnosticsManager]:   StringPropertyStore v0.A.5
2015-07-21 05:45:29.982+0000 INFO  [o.n.k.i.DiagnosticsManager]:   ArrayPropertyStore v0.A.5
2015-07-21 05:45:29.982+0000 INFO  [o.n.k.i.DiagnosticsManager]:   RelationshipGroupStore v0.A.5
2015-07-21 05:45:29.982+0000 INFO  [o.n.k.i.DiagnosticsManager]: --- STARTED diagnostics for NEO_STORE_VERSIONS END ---
2015-07-21 05:45:29.982+0000 INFO  [o.n.k.i.DiagnosticsManager]: --- STARTED diagnostics for NEO_STORE_ID_USAGE START ---
2015-07-21 05:45:29.982+0000 INFO  [o.n.k.i.DiagnosticsManager]: Id usage:
2015-07-21 05:45:29.982+0000 INFO  [o.n.k.i.DiagnosticsManager]: Id usage:
2015-07-21 05:45:29.982+0000 INFO  [o.n.k.i.DiagnosticsManager]:   SchemaStore: used=1 high=0
2015-07-21 05:45:29.982+0000 INFO  [o.n.k.i.DiagnosticsManager]:   NodeStore: used=172 high=171
2015-07-21 05:45:29.982+0000 INFO  [o.n.k.i.DiagnosticsManager]:   RelationshipStore: used=372 high=371
2015-07-21 05:45:29.982+0000 INFO  [o.n.k.i.DiagnosticsManager]:   RelationshipTypeStore: used=9 high=8
2015-07-21 05:45:29.982+0000 INFO  [o.n.k.i.DiagnosticsManager]:   LabelTokenStore: used=5 high=4
2015-07-21 05:45:29.982+0000 INFO  [o.n.k.i.DiagnosticsManager]:   PropertyStore: used=354 high=353
2015-07-21 05:45:29.982+0000 INFO  [o.n.k.i.DiagnosticsManager]:   PropertyIndexStore: used=26 high=25
2015-07-21 05:45:29.982+0000 INFO  [o.n.k.i.DiagnosticsManager]:   StringPropertyStore: used=49 high=48
2015-07-21 05:45:29.983+0000 INFO  [o.n.k.i.DiagnosticsManager]:   ArrayPropertyStore: used=1 high=0
2015-07-21 05:45:29.983+0000 INFO  [o.n.k.i.DiagnosticsManager]:   RelationshipGroupStore: used=17 high=16
2015-07-21 05:45:29.983+0000 INFO  [o.n.k.i.DiagnosticsManager]: --- STARTED diagnostics for NEO_STORE_ID_USAGE END ---
2015-07-21 05:45:29.983+0000 INFO  [o.n.k.i.DiagnosticsManager]: --- STARTED diagnostics for KernelDiagnostics:StoreFiles START ---
2015-07-21 05:45:29.988+0000 INFO  [o.n.k.i.DiagnosticsManager]: Disk space on partition (Total / Free / Free %): 38066561024 / 6522503168 / 17
Storage files: (filename : modification date - size)
2015-07-21 05:45:29.991+0000 INFO  [o.n.k.i.DiagnosticsManager]:   dbms:
2015-07-21 05:45:29.992+0000 INFO  [o.n.k.i.DiagnosticsManager]:     auth: 2015-07-21T12:40:01+0700 - 113.00 B
2015-07-21 05:45:29.992+0000 INFO  [o.n.k.i.DiagnosticsManager]:   - Total: 2015-07-21T12:40:01+0700 - 113.00 B
2015-07-21 05:45:29.992+0000 INFO  [o.n.k.i.DiagnosticsManager]:   index:
2015-07-21 05:45:29.993+0000 INFO  [o.n.k.i.DiagnosticsManager]:   - Total: 2015-07-21T12:39:30+0700 - 0.00 B
2015-07-21 05:45:29.994+0000 INFO  [o.n.k.i.DiagnosticsManager]:   lock: 2015-07-21T12:45:29+0700 - 0.00 B
2015-07-21 05:45:30.001+0000 INFO  [o.n.k.i.DiagnosticsManager]:   messages.log: 2015-07-21T12:40:58+0700 - 67.33 kB
2015-07-21 05:45:30.001+0000 INFO  [o.n.k.i.DiagnosticsManager]:   neo4j.properties: 2015-07-21T12:39:29+0700 - 1.76 kB
2015-07-21 05:45:30.002+0000 INFO  [o.n.k.i.DiagnosticsManager]:   neostore: 2015-07-21T12:45:29+0700 - 99.00 B
2015-07-21 05:45:30.002+0000 INFO  [o.n.k.i.DiagnosticsManager]:   neostore.counts.db.a: 2015-07-21T12:39:38+0700 - 114.00 B
2015-07-21 05:45:30.003+0000 INFO  [o.n.k.i.DiagnosticsManager]:   neostore.counts.db.b: 2015-07-21T12:40:54+0700 - 1.42 kB
2015-07-21 05:45:30.004+0000 INFO  [o.n.k.i.DiagnosticsManager]:   neostore.id: 2015-07-21T12:40:58+0700 - 9.00 B
2015-07-21 05:45:30.005+0000 INFO  [o.n.k.i.DiagnosticsManager]:   neostore.labeltokenstore.db: 2015-07-21T12:45:29+0700 - 25.00 B
2015-07-21 05:45:30.006+0000 INFO  [o.n.k.i.DiagnosticsManager]:   neostore.labeltokenstore.db.id: 2015-07-21T12:40:56+0700 - 9.00 B
2015-07-21 05:45:30.006+0000 INFO  [o.n.k.i.DiagnosticsManager]:   neostore.labeltokenstore.db.names: 2015-07-21T12:45:29+0700 - 228.00 B
2015-07-21 05:45:30.008+0000 INFO  [o.n.k.i.DiagnosticsManager]:   neostore.labeltokenstore.db.names.id: 2015-07-21T12:40:55+0700 - 9.00 B
2015-07-21 05:45:30.008+0000 INFO  [o.n.k.i.DiagnosticsManager]:   neostore.nodestore.db: 2015-07-21T12:45:29+0700 - 2.52 kB
2015-07-21 05:45:30.010+0000 INFO  [o.n.k.i.DiagnosticsManager]:   neostore.nodestore.db.id: 2015-07-21T12:40:57+0700 - 9.00 B
2015-07-21 05:45:30.011+0000 INFO  [o.n.k.i.DiagnosticsManager]:   neostore.nodestore.db.labels: 2015-07-21T12:45:29+0700 - 68.00 B
2015-07-21 05:45:30.013+0000 INFO  [o.n.k.i.DiagnosticsManager]:   neostore.nodestore.db.labels.id: 2015-07-21T12:40:57+0700 - 9.00 B
2015-07-21 05:45:30.013+0000 INFO  [o.n.k.i.DiagnosticsManager]:   neostore.propertystore.db: 2015-07-21T12:45:29+0700 - 14.17 kB
2015-07-21 05:45:30.016+0000 INFO  [o.n.k.i.DiagnosticsManager]:   neostore.propertystore.db.arrays: 2015-07-21T12:45:29+0700 - 128.00 B
2015-07-21 05:45:30.017+0000 INFO  [o.n.k.i.DiagnosticsManager]:   neostore.propertystore.db.arrays.id: 2015-07-21T12:40:57+0700 - 9.00 B
2015-07-21 05:45:30.018+0000 INFO  [o.n.k.i.DiagnosticsManager]:   neostore.propertystore.db.id: 2015-07-21T12:40:57+0700 - 9.00 B
2015-07-21 05:45:30.019+0000 INFO  [o.n.k.i.DiagnosticsManager]:   neostore.propertystore.db.index: 2015-07-21T12:45:29+0700 - 234.00 B
2015-07-21 05:45:30.020+0000 INFO  [o.n.k.i.DiagnosticsManager]:   neostore.propertystore.db.index.id: 2015-07-21T12:40:56+0700 - 9.00 B
2015-07-21 05:45:30.021+0000 INFO  [o.n.k.i.DiagnosticsManager]:   neostore.propertystore.db.index.keys: 2015-07-21T12:45:29+0700 - 1.00 kB
2015-07-21 05:45:30.022+0000 INFO  [o.n.k.i.DiagnosticsManager]:   neostore.propertystore.db.index.keys.id: 2015-07-21T12:40:56+0700 - 9.00 B
2015-07-21 05:45:30.023+0000 INFO  [o.n.k.i.DiagnosticsManager]:   neostore.propertystore.db.strings: 2015-07-21T12:45:29+0700 - 6.13 kB
2015-07-21 05:45:30.024+0000 INFO  [o.n.k.i.DiagnosticsManager]:   neostore.propertystore.db.strings.id: 2015-07-21T12:40:56+0700 - 9.00 B
2015-07-21 05:45:30.024+0000 INFO  [o.n.k.i.DiagnosticsManager]:   neostore.relationshipgroupstore.db: 2015-07-21T12:45:29+0700 - 425.00 B
2015-07-21 05:45:30.025+0000 INFO  [o.n.k.i.DiagnosticsManager]:   neostore.relationshipgroupstore.db.id: 2015-07-21T12:40:58+0700 - 9.00 B
2015-07-21 05:45:30.026+0000 INFO  [o.n.k.i.DiagnosticsManager]:   neostore.relationshipstore.db: 2015-07-21T12:45:29+0700 - 12.35 kB
2015-07-21 05:45:30.027+0000 INFO  [o.n.k.i.DiagnosticsManager]:   neostore.relationshipstore.db.id: 2015-07-21T12:40:57+0700 - 9.00 B
2015-07-21 05:45:30.028+0000 INFO  [o.n.k.i.DiagnosticsManager]:   neostore.relationshiptypestore.db: 2015-07-21T12:45:29+0700 - 45.00 B
2015-07-21 05:45:30.029+0000 INFO  [o.n.k.i.DiagnosticsManager]:   neostore.relationshiptypestore.db.id: 2015-07-21T12:40:55+0700 - 9.00 B
2015-07-21 05:45:30.030+0000 INFO  [o.n.k.i.DiagnosticsManager]:   neostore.relationshiptypestore.db.names: 2015-07-21T12:45:29+0700 - 380.00 B
2015-07-21 05:45:30.031+0000 INFO  [o.n.k.i.DiagnosticsManager]:   neostore.relationshiptypestore.db.names.id: 2015-07-21T12:40:55+0700 - 9.00 B
2015-07-21 05:45:30.031+0000 INFO  [o.n.k.i.DiagnosticsManager]:   neostore.schemastore.db: 2015-07-21T12:45:29+0700 - 64.00 B
2015-07-21 05:45:30.033+0000 INFO  [o.n.k.i.DiagnosticsManager]:   neostore.schemastore.db.id: 2015-07-21T12:40:57+0700 - 9.00 B
2015-07-21 05:45:30.033+0000 INFO  [o.n.k.i.DiagnosticsManager]:   neostore.transaction.db.0: 2015-07-21T12:40:18+0700 - 81.48 kB
2015-07-21 05:45:30.034+0000 INFO  [o.n.k.i.DiagnosticsManager]:   neostore.transaction.db.1: 2015-07-21T12:45:29+0700 - 16.00 B
2015-07-21 05:45:30.034+0000 INFO  [o.n.k.i.DiagnosticsManager]:   rrd: 2015-07-21T12:39:38+0700 - 1.93 MB
2015-07-21 05:45:30.034+0000 INFO  [o.n.k.i.DiagnosticsManager]:   schema:
2015-07-21 05:45:30.034+0000 INFO  [o.n.k.i.DiagnosticsManager]:     label:
2015-07-21 05:45:30.035+0000 INFO  [o.n.k.i.DiagnosticsManager]:       lucene:
2015-07-21 05:45:30.035+0000 INFO  [o.n.k.i.DiagnosticsManager]:         _0.cfs: 2015-07-21T12:40:18+0700 - 434.00 B
2015-07-21 05:45:30.036+0000 INFO  [o.n.k.i.DiagnosticsManager]:         segments.gen: 2015-07-21T12:40:54+0700 - 20.00 B
2015-07-21 05:45:30.036+0000 INFO  [o.n.k.i.DiagnosticsManager]:         segments_1: 2015-07-21T12:40:54+0700 - 217.00 B
2015-07-21 05:45:30.037+0000 INFO  [o.n.k.i.DiagnosticsManager]:         write.lock: 2015-07-21T12:45:29+0700 - 0.00 B
2015-07-21 05:45:30.037+0000 INFO  [o.n.k.i.DiagnosticsManager]:       - Total: 2015-07-21T12:45:29+0700 - 671.00 B
2015-07-21 05:45:30.037+0000 INFO  [o.n.k.i.DiagnosticsManager]:     - Total: 2015-07-21T12:39:38+0700 - 671.00 B
2015-07-21 05:45:30.038+0000 INFO  [o.n.k.i.DiagnosticsManager]:   - Total: 2015-07-21T12:39:38+0700 - 671.00 B
2015-07-21 05:45:30.038+0000 INFO  [o.n.k.i.DiagnosticsManager]:   store_lock: 2015-07-21T12:39:30+0700 - 0.00 B
2015-07-21 05:45:30.038+0000 INFO  [o.n.k.i.DiagnosticsManager]: --- STARTED diagnostics for KernelDiagnostics:StoreFiles END ---
2015-07-21 05:45:30.039+0000 INFO  [o.n.k.EmbeddedGraphDatabase]: Database is now ready
2015-07-21 05:45:30.039+0000 INFO  [o.n.s.d.LifecycleManagingDatabase]: Successfully started database
2015-07-21 05:45:30.041+0000 INFO  [o.n.k.i.DiagnosticsManager]: --- SERVER STARTED START ---
2015-07-21 05:45:30.048+0000 INFO  [o.n.s.CommunityNeoServer]: Starting HTTP on port :7474 with 4 threads available
2015-07-21 05:45:30.052+0000 INFO  [o.n.s.w.Jetty9WebServer]: Mounting static content at [/webadmin] from [webadmin-html]
2015-07-21 05:45:30.054+0000 INFO  [o.n.s.w.Jetty9WebServer]: Mounting static content at [/browser] from [browser]
2015-07-21 05:45:31.753+0000 WARN  [o.n.k.EmbeddedGraphDatabase]: GC Monitor: Application threads blocked for 705ms.
2015-07-21 05:45:31.772+0000 INFO  [o.n.s.CommunityNeoServer]: Server started on: http://localhost:7474/
2015-07-21 05:45:31.772+0000 INFO  [o.n.s.CommunityNeoServer]: Remote interface ready and available at [http://localhost:7474/]
2015-07-21 05:45:31.772+0000 INFO  [o.n.k.i.DiagnosticsManager]: --- SERVER STARTED END ---
2015-07-21 06:45:32.114+0000 WARN  [o.n.k.EmbeddedGraphDatabase]: GC Monitor: Application threads blocked for 264ms.
2015-07-21 07:45:32.466+0000 WARN  [o.n.k.EmbeddedGraphDatabase]: GC Monitor: Application threads blocked for 270ms.
2015-07-21 08:45:32.859+0000 WARN  [o.n.k.EmbeddedGraphDatabase]: GC Monitor: Application threads blocked for 318ms.
2015-07-21 09:45:33.168+0000 WARN  [o.n.k.EmbeddedGraphDatabase]: GC Monitor: Application threads blocked for 306ms.
